[T 14:52:46 33057] CodeQL CLI version 2.23.3
[T 14:52:46 33057] Initializing tracer.
[T 14:52:46 33057] Initializing tags.
[T 14:52:46 33057] ID set to 0000000000008121_0000000000000001 (parent root)
[T 14:52:47 33057] Initializing tracer.
[T 14:52:47 33057] Initializing tags.
[T 14:52:47 33057] ID set to 0000000000008121_0000000000000002 (parent root)
[T 14:52:47 33057] Warning: SEMMLE_EXEC and SEMMLE_EXECP not set. Falling back to path lookup on argv[0].
[T 14:52:47 33057] ==== Candidate to intercept: /opt/homebrew/Caskroom/codeql/2.23.3/codeql/tools/osx64/runner-osx (canonical: /opt/homebrew/Caskroom/codeql/2.23.3/codeql/tools/osx64/runner-osx) ====
[T 14:52:47 33057] Executing the following tracer actions:
[T 14:52:47 33057] Tracer actions:
[T 14:52:47 33057] pre_invocations(0)
[T 14:52:47 33057] post_invocations(0)
[T 14:52:47 33057] trace_languages(1): [go]
[T 14:52:47 33073] Attempting to switch stdout/stderr to 3...
/Users/hasanbasri/Documents/Pribadi/Binus-Center-Project/2025/HanaBank/praktikum/codeql-db-go/working/copy-root/000001F6/opt/homebrew/bin/go.semmle.00008121.3B056BB8.slice.arm64: replacing existing signature
[T 14:52:49 33057] Initializing tracer.
[T 14:52:49 33057] Initializing tags.
[T 14:52:49 33057] ID set to 0000000000008121_0000000000000003 (parent 0000000000008121_0000000000000002)
[T 14:52:49 33057] ==== Candidate to intercept: /opt/homebrew/bin/go (canonical: /opt/homebrew/Cellar/go/1.25.3/libexec/bin/go) ====
[T 14:52:49 33057] Lua: === Intercepted call to /opt/homebrew/cellar/go/1.25.3/libexec/bin/go ===
[T 14:52:49 33057] Executing the following tracer actions:
[T 14:52:49 33057] Tracer actions:
[T 14:52:49 33057] pre_invocations(1)
[T 14:52:49 33057] invocation: /opt/homebrew/Caskroom/codeql/2.23.3/codeql/go/tools/osx64/go-extractor, args: [--mimic, /opt/homebrew/cellar/go/1.25.3/libexec/bin/go, build, ./...]
[T 14:52:49 33057] post_invocations(0)
[T 14:52:49 33057] trace_languages(1): [go]
[T 14:52:49 33090] Attempting to switch stdout/stderr to 4...
[T 14:52:49 33091] Attempting to switch stdout/stderr to 4...
/Users/hasanbasri/Documents/Pribadi/Binus-Center-Project/2025/HanaBank/praktikum/codeql-db-go/working/copy-root/000001F6/opt/homebrew/Caskroom/codeql/2.23.3/codeql/go/tools/osx64/go-extractor.semmle.00008142.35A58540.slice.arm64: replacing existing signature
[T 14:52:50 33090] Initializing tracer.
[T 14:52:50 33090] Initializing tags.
[T 14:52:50 33090] ID set to 0000000000008142_0000000000000001 (parent 0000000000008121_0000000000000003)
2025/11/07 21:52:50 Compiler: /opt/homebrew/cellar/go/1.25.3/libexec/bin/go
2025/11/07 21:52:50 Intercepting build for build command
2025/11/07 21:52:50 Build flags: ''; patterns: './...'
2025/11/07 21:52:50 Running packages.Load.
[T 14:52:50 33102] Initializing tracer.
[T 14:52:50 33101] Initializing tracer.
[T 14:52:50 33102] Initializing tags.
[T 14:52:50 33101] Initializing tags.
[T 14:52:50 33102] ID set to 000000000000814E_0000000000000001 (parent 0000000000008142_0000000000000001)
[T 14:52:50 33102] ==== Candidate to intercept: /opt/homebrew/bin/go (canonical: /opt/homebrew/Cellar/go/1.25.3/libexec/bin/go) ====
[T 14:52:50 33102] Lua: === Intercepted call to /opt/homebrew/cellar/go/1.25.3/libexec/bin/go ===
[T 14:52:50 33102] Executing the following tracer actions:
[T 14:52:50 33102] Tracer actions:
[T 14:52:50 33102] pre_invocations(1)
[T 14:52:50 33101] ID set to 000000000000814D_0000000000000001 (parent 0000000000008142_0000000000000001)
[T 14:52:50 33102] invocation: /opt/homebrew/Caskroom/codeql/2.23.3/codeql/go/tools/osx64/go-extractor, args: [--mimic, /opt/homebrew/cellar/go/1.25.3/libexec/bin/go, list, -f, {{context.GOARCH}} {{context.Compiler}}, --, unsafe]
[T 14:52:50 33102] post_invocations(0)
[T 14:52:50 33102] trace_languages(1): [go]
[T 14:52:50 33101] ==== Candidate to intercept: /opt/homebrew/bin/go (canonical: /opt/homebrew/Cellar/go/1.25.3/libexec/bin/go) ====
[T 14:52:50 33101] Lua: === Intercepted call to /opt/homebrew/cellar/go/1.25.3/libexec/bin/go ===
[T 14:52:50 33101] Executing the following tracer actions:
[T 14:52:50 33101] Tracer actions:
[T 14:52:50 33101] pre_invocations(1)
[T 14:52:50 33101] invocation: /opt/homebrew/Caskroom/codeql/2.23.3/codeql/go/tools/osx64/go-extractor, args: [--mimic, /opt/homebrew/cellar/go/1.25.3/libexec/bin/go, list, -e, -f, {{context.ReleaseTags}}, --, unsafe]
[T 14:52:50 33101] post_invocations(0)
[T 14:52:50 33101] trace_languages(1): [go]
[T 14:52:50 33103] Attempting to switch stdout/stderr to 4...
[T 14:52:50 33104] Attempting to switch stdout/stderr to 4...
[T 14:52:50 33103] Initializing tracer.
[T 14:52:50 33104] Initializing tracer.
[T 14:52:50 33103] Initializing tags.
[T 14:52:50 33104] Initializing tags.
[T 14:52:50 33103] ID set to 000000000000814F_0000000000000001 (parent 000000000000814E_0000000000000001)
[T 14:52:50 33104] ID set to 0000000000008150_0000000000000001 (parent 000000000000814D_0000000000000001)
2025/11/07 21:52:50 Compiler: /opt/homebrew/cellar/go/1.25.3/libexec/bin/go
2025/11/07 21:52:50 Non-build command '/opt/homebrew/cellar/go/1.25.3/libexec/bin/go list -f {{context.GOARCH}} {{context.Compiler}} -- unsafe'; skipping
2025/11/07 21:52:50 Compiler: /opt/homebrew/cellar/go/1.25.3/libexec/bin/go
2025/11/07 21:52:50 Non-build command '/opt/homebrew/cellar/go/1.25.3/libexec/bin/go list -e -f {{context.ReleaseTags}} -- unsafe'; skipping
[T 14:52:50 33102] Extractor /opt/homebrew/Caskroom/codeql/2.23.3/codeql/go/tools/osx64/go-extractor terminated with exit code 0.
[T 14:52:50 33101] Extractor /opt/homebrew/Caskroom/codeql/2.23.3/codeql/go/tools/osx64/go-extractor terminated with exit code 0.
[T 14:52:50 33105] Initializing tracer.
[T 14:52:50 33105] Initializing tags.
[T 14:52:50 33105] ID set to 0000000000008151_0000000000000001 (parent 0000000000008142_0000000000000001)
[T 14:52:50 33105] ==== Candidate to intercept: /opt/homebrew/bin/go (canonical: /opt/homebrew/Cellar/go/1.25.3/libexec/bin/go) ====
[T 14:52:50 33105] Lua: === Intercepted call to /opt/homebrew/cellar/go/1.25.3/libexec/bin/go ===
[T 14:52:50 33105] Executing the following tracer actions:
[T 14:52:50 33105] Tracer actions:
[T 14:52:50 33105] pre_invocations(1)
[T 14:52:50 33105] invocation: /opt/homebrew/Caskroom/codeql/2.23.3/codeql/go/tools/osx64/go-extractor, args: [--mimic, /opt/homebrew/cellar/go/1.25.3/libexec/bin/go, list, -e, -json=Name,ImportPath,Error,Dir,GoFiles,IgnoredGoFiles,IgnoredOtherFiles,CFiles,CgoFiles,CXXFiles,MFiles,HFiles,FFiles,SFiles,SwigFiles,SwigCXXFiles,SysoFiles,CompiledGoFiles,Export,DepOnly,Imports,ImportMap,Module, -compiled=true, -test=false, -export=false, -deps=true, -find=false, -pgo=off, --, ./...]
[T 14:52:50 33105] post_invocations(0)
[T 14:52:50 33105] trace_languages(1): [go]
[T 14:52:50 33106] Attempting to switch stdout/stderr to 4...
[T 14:52:50 33106] Initializing tracer.
[T 14:52:50 33106] Initializing tags.
[T 14:52:50 33106] ID set to 0000000000008152_0000000000000001 (parent 0000000000008151_0000000000000001)
2025/11/07 21:52:50 Compiler: /opt/homebrew/cellar/go/1.25.3/libexec/bin/go
2025/11/07 21:52:50 Non-build command '/opt/homebrew/cellar/go/1.25.3/libexec/bin/go list -e -json=Name,ImportPath,Error,Dir,GoFiles,IgnoredGoFiles,IgnoredOtherFiles,CFiles,CgoFiles,CXXFiles,MFiles,HFiles,FFiles,SFiles,SwigFiles,SwigCXXFiles,SysoFiles,CompiledGoFiles,Export,DepOnly,Imports,ImportMap,Module -compiled=true -test=false -export=false -deps=true -find=false -pgo=off -- ./...'; skipping
[T 14:52:50 33105] Extractor /opt/homebrew/Caskroom/codeql/2.23.3/codeql/go/tools/osx64/go-extractor terminated with exit code 0.
[T 14:52:50 33108] Attempting to switch stdout/stderr to 5...
/Users/hasanbasri/Documents/Pribadi/Binus-Center-Project/2025/HanaBank/praktikum/codeql-db-go/working/copy-root/000001F6/opt/homebrew/Cellar/go/1.25.3/libexec/pkg/tool/darwin_arm64/compile.semmle.00008153.2FD13600.slice.arm64: replacing existing signature
[T 14:52:51 33107] Initializing tracer.
[T 14:52:51 33107] Initializing tags.
[T 14:52:51 33107] ID set to 0000000000008153_0000000000000001 (parent 0000000000008151_0000000000000001)
[T 14:52:51 33107] ==== Candidate to intercept: /opt/homebrew/Cellar/go/1.25.3/libexec/pkg/tool/darwin_arm64/compile (canonical: /opt/homebrew/Cellar/go/1.25.3/libexec/pkg/tool/darwin_arm64/compile) ====
[T 14:52:51 33107] Executing the following tracer actions:
[T 14:52:51 33107] Tracer actions:
[T 14:52:51 33107] pre_invocations(0)
[T 14:52:51 33107] post_invocations(0)
[T 14:52:51 33107] trace_languages(1): [go]
[T 14:52:51 33130] Attempting to switch stdout/stderr to 5...
/Users/hasanbasri/Documents/Pribadi/Binus-Center-Project/2025/HanaBank/praktikum/codeql-db-go/working/copy-root/000001F6/opt/homebrew/Cellar/go/1.25.3/libexec/pkg/tool/darwin_arm64/asm.semmle.00008169.277760D8.slice.arm64: replacing existing signature
[T 14:52:52 33129] Initializing tracer.
[T 14:52:52 33129] Initializing tags.
[T 14:52:52 33129] ID set to 0000000000008169_0000000000000001 (parent 0000000000008151_0000000000000001)
[T 14:52:52 33129] ==== Candidate to intercept: /opt/homebrew/Cellar/go/1.25.3/libexec/pkg/tool/darwin_arm64/asm (canonical: /opt/homebrew/Cellar/go/1.25.3/libexec/pkg/tool/darwin_arm64/asm) ====
[T 14:52:52 33129] Executing the following tracer actions:
[T 14:52:52 33129] Tracer actions:
[T 14:52:52 33129] pre_invocations(0)
[T 14:52:52 33129] post_invocations(0)
[T 14:52:52 33129] trace_languages(1): [go]
[T 14:52:52 33140] Attempting to switch stdout/stderr to 5...
/Users/hasanbasri/Documents/Pribadi/Binus-Center-Project/2025/HanaBank/praktikum/codeql-db-go/working/copy-root/000001F6/opt/homebrew/Cellar/go/1.25.3/libexec/pkg/tool/darwin_arm64/link.semmle.00008173.1C8481B0.slice.arm64: replacing existing signature
[T 14:52:53 33139] Initializing tracer.
[T 14:52:53 33139] Initializing tags.
[T 14:52:53 33139] ID set to 0000000000008173_0000000000000001 (parent 0000000000008151_0000000000000001)
[T 14:52:53 33139] ==== Candidate to intercept: /opt/homebrew/Cellar/go/1.25.3/libexec/pkg/tool/darwin_arm64/link (canonical: /opt/homebrew/Cellar/go/1.25.3/libexec/pkg/tool/darwin_arm64/link) ====
[T 14:52:53 33139] Executing the following tracer actions:
[T 14:52:53 33139] Tracer actions:
[T 14:52:53 33139] pre_invocations(0)
[T 14:52:53 33139] post_invocations(0)
[T 14:52:53 33139] trace_languages(1): [go]
2025/11/07 21:52:53 Done running packages.Load.
2025/11/07 21:52:53 Extracting universe scope.
2025/11/07 21:52:53 Done extracting universe scope.
2025/11/07 21:52:53 Running go list to resolve package and module directories.
[T 14:52:53 33143] Initializing tracer.
[T 14:52:53 33143] Initializing tags.
[T 14:52:53 33143] ID set to 0000000000008177_0000000000000001 (parent 0000000000008142_0000000000000001)
[T 14:52:53 33143] ==== Candidate to intercept: /opt/homebrew/bin/go (canonical: /opt/homebrew/Cellar/go/1.25.3/libexec/bin/go) ====
[T 14:52:53 33143] Lua: === Intercepted call to /opt/homebrew/cellar/go/1.25.3/libexec/bin/go ===
[T 14:52:53 33143] Executing the following tracer actions:
[T 14:52:53 33143] Tracer actions:
[T 14:52:53 33143] pre_invocations(1)
[T 14:52:53 33143] invocation: /opt/homebrew/Caskroom/codeql/2.23.3/codeql/go/tools/osx64/go-extractor, args: [--mimic, /opt/homebrew/cellar/go/1.25.3/libexec/bin/go, list, -e, -f, , -deps, -json, ./...]
[T 14:52:53 33143] post_invocations(0)
[T 14:52:53 33143] trace_languages(1): [go]
[T 14:52:53 33144] Attempting to switch stdout/stderr to 4...
[T 14:52:53 33144] Initializing tracer.
[T 14:52:53 33144] Initializing tags.
[T 14:52:53 33144] ID set to 0000000000008178_0000000000000001 (parent 0000000000008177_0000000000000001)
2025/11/07 21:52:53 Compiler: /opt/homebrew/cellar/go/1.25.3/libexec/bin/go
2025/11/07 21:52:53 Non-build command '/opt/homebrew/cellar/go/1.25.3/libexec/bin/go list -e -f  -deps -json ./...'; skipping
[T 14:52:53 33143] Extractor /opt/homebrew/Caskroom/codeql/2.23.3/codeql/go/tools/osx64/go-extractor terminated with exit code 0.
[T 14:52:53 33145] Initializing tracer.
[T 14:52:53 33145] Initializing tags.
[T 14:52:53 33145] ID set to 0000000000008179_0000000000000001 (parent 0000000000008177_0000000000000001)
[T 14:52:53 33145] ==== Candidate to intercept: /opt/homebrew/Cellar/go/1.25.3/libexec/pkg/tool/darwin_arm64/compile (canonical: /opt/homebrew/Cellar/go/1.25.3/libexec/pkg/tool/darwin_arm64/compile) ====
[T 14:52:53 33145] Executing the following tracer actions:
[T 14:52:53 33145] Tracer actions:
[T 14:52:53 33145] pre_invocations(0)
[T 14:52:53 33145] post_invocations(0)
[T 14:52:53 33145] trace_languages(1): [go]
[T 14:52:53 33146] Initializing tracer.
[T 14:52:53 33146] Initializing tags.
[T 14:52:53 33146] ID set to 000000000000817A_0000000000000001 (parent 0000000000008177_0000000000000001)
[T 14:52:53 33146] ==== Candidate to intercept: /opt/homebrew/Cellar/go/1.25.3/libexec/pkg/tool/darwin_arm64/asm (canonical: /opt/homebrew/Cellar/go/1.25.3/libexec/pkg/tool/darwin_arm64/asm) ====
[T 14:52:53 33146] Executing the following tracer actions:
[T 14:52:53 33146] Tracer actions:
[T 14:52:53 33146] pre_invocations(0)
[T 14:52:53 33146] post_invocations(0)
[T 14:52:53 33146] trace_languages(1): [go]
[T 14:52:53 33147] Initializing tracer.
[T 14:52:53 33147] Initializing tags.
[T 14:52:53 33147] ID set to 000000000000817B_0000000000000001 (parent 0000000000008177_0000000000000001)
[T 14:52:53 33147] ==== Candidate to intercept: /opt/homebrew/Cellar/go/1.25.3/libexec/pkg/tool/darwin_arm64/link (canonical: /opt/homebrew/Cellar/go/1.25.3/libexec/pkg/tool/darwin_arm64/link) ====
[T 14:52:53 33147] Executing the following tracer actions:
[T 14:52:53 33147] Tracer actions:
[T 14:52:53 33147] pre_invocations(0)
[T 14:52:53 33147] post_invocations(0)
[T 14:52:53 33147] trace_languages(1): [go]
2025/11/07 21:52:53 Done running go list deps: resolved 261 packages.
2025/11/07 21:52:53 Processing package internal/goarch.
2025/11/07 21:52:53 Extracting types for package internal/goarch.
2025/11/07 21:52:53 Done extracting types for package internal/goarch.
2025/11/07 21:52:53 Processing package unsafe.
2025/11/07 21:52:53 Extracting types for package unsafe.
2025/11/07 21:52:53 Done extracting types for package unsafe.
2025/11/07 21:52:53 Processing package internal/abi.
2025/11/07 21:52:53 Extracting types for package internal/abi.
2025/11/07 21:52:53 Done extracting types for package internal/abi.
2025/11/07 21:52:53 Processing package internal/unsafeheader.
2025/11/07 21:52:53 Extracting types for package internal/unsafeheader.
2025/11/07 21:52:53 Done extracting types for package internal/unsafeheader.
2025/11/07 21:52:53 Processing package internal/cpu.
2025/11/07 21:52:53 Extracting types for package internal/cpu.
2025/11/07 21:52:53 Done extracting types for package internal/cpu.
2025/11/07 21:52:53 Processing package internal/bytealg.
2025/11/07 21:52:53 Extracting types for package internal/bytealg.
2025/11/07 21:52:53 Done extracting types for package internal/bytealg.
2025/11/07 21:52:53 Processing package internal/byteorder.
2025/11/07 21:52:53 Extracting types for package internal/byteorder.
2025/11/07 21:52:53 Done extracting types for package internal/byteorder.
2025/11/07 21:52:53 Processing package internal/chacha8rand.
2025/11/07 21:52:53 Extracting types for package internal/chacha8rand.
2025/11/07 21:52:53 Done extracting types for package internal/chacha8rand.
2025/11/07 21:52:53 Processing package internal/coverage/rtcov.
2025/11/07 21:52:53 Extracting types for package internal/coverage/rtcov.
2025/11/07 21:52:53 Done extracting types for package internal/coverage/rtcov.
2025/11/07 21:52:53 Processing package internal/godebugs.
2025/11/07 21:52:53 Extracting types for package internal/godebugs.
2025/11/07 21:52:53 Done extracting types for package internal/godebugs.
2025/11/07 21:52:53 Processing package internal/goexperiment.
2025/11/07 21:52:53 Extracting types for package internal/goexperiment.
2025/11/07 21:52:53 Done extracting types for package internal/goexperiment.
2025/11/07 21:52:53 Processing package internal/goos.
2025/11/07 21:52:53 Extracting types for package internal/goos.
2025/11/07 21:52:53 Done extracting types for package internal/goos.
2025/11/07 21:52:53 Processing package internal/profilerecord.
2025/11/07 21:52:53 Extracting types for package internal/profilerecord.
2025/11/07 21:52:53 Done extracting types for package internal/profilerecord.
2025/11/07 21:52:53 Processing package internal/runtime/atomic.
2025/11/07 21:52:53 Extracting types for package internal/runtime/atomic.
2025/11/07 21:52:53 Done extracting types for package internal/runtime/atomic.
2025/11/07 21:52:53 Processing package internal/runtime/exithook.
2025/11/07 21:52:53 Extracting types for package internal/runtime/exithook.
2025/11/07 21:52:53 Done extracting types for package internal/runtime/exithook.
2025/11/07 21:52:53 Processing package internal/runtime/gc.
2025/11/07 21:52:53 Extracting types for package internal/runtime/gc.
2025/11/07 21:52:53 Done extracting types for package internal/runtime/gc.
2025/11/07 21:52:53 Processing package internal/asan.
2025/11/07 21:52:53 Extracting types for package internal/asan.
2025/11/07 21:52:53 Done extracting types for package internal/asan.
2025/11/07 21:52:53 Processing package internal/msan.
2025/11/07 21:52:53 Extracting types for package internal/msan.
2025/11/07 21:52:53 Done extracting types for package internal/msan.
2025/11/07 21:52:53 Processing package internal/race.
2025/11/07 21:52:53 Extracting types for package internal/race.
2025/11/07 21:52:53 Done extracting types for package internal/race.
2025/11/07 21:52:53 Processing package internal/runtime/math.
2025/11/07 21:52:53 Extracting types for package internal/runtime/math.
2025/11/07 21:52:53 Done extracting types for package internal/runtime/math.
2025/11/07 21:52:53 Processing package internal/runtime/sys.
2025/11/07 21:52:53 Extracting types for package internal/runtime/sys.
2025/11/07 21:52:53 Done extracting types for package internal/runtime/sys.
2025/11/07 21:52:53 Processing package internal/runtime/maps.
2025/11/07 21:52:53 Extracting types for package internal/runtime/maps.
2025/11/07 21:52:54 Done extracting types for package internal/runtime/maps.
2025/11/07 21:52:54 Processing package internal/runtime/strconv.
2025/11/07 21:52:54 Extracting types for package internal/runtime/strconv.
2025/11/07 21:52:54 Done extracting types for package internal/runtime/strconv.
2025/11/07 21:52:54 Processing package internal/stringslite.
2025/11/07 21:52:54 Extracting types for package internal/stringslite.
2025/11/07 21:52:54 Done extracting types for package internal/stringslite.
2025/11/07 21:52:54 Processing package internal/trace/tracev2.
2025/11/07 21:52:54 Extracting types for package internal/trace/tracev2.
2025/11/07 21:52:54 Done extracting types for package internal/trace/tracev2.
2025/11/07 21:52:54 Processing package runtime.
2025/11/07 21:52:54 Extracting types for package runtime.
2025/11/07 21:52:54 Done extracting types for package runtime.
2025/11/07 21:52:54 Processing package internal/reflectlite.
2025/11/07 21:52:54 Extracting types for package internal/reflectlite.
2025/11/07 21:52:54 Done extracting types for package internal/reflectlite.
2025/11/07 21:52:54 Processing package errors.
2025/11/07 21:52:54 Extracting types for package errors.
2025/11/07 21:52:54 Done extracting types for package errors.
2025/11/07 21:52:54 Processing package sync/atomic.
2025/11/07 21:52:54 Extracting types for package sync/atomic.
2025/11/07 21:52:54 Done extracting types for package sync/atomic.
2025/11/07 21:52:54 Processing package internal/sync.
2025/11/07 21:52:54 Extracting types for package internal/sync.
2025/11/07 21:52:54 Done extracting types for package internal/sync.
2025/11/07 21:52:54 Processing package internal/synctest.
2025/11/07 21:52:54 Extracting types for package internal/synctest.
2025/11/07 21:52:54 Done extracting types for package internal/synctest.
2025/11/07 21:52:54 Processing package sync.
2025/11/07 21:52:54 Extracting types for package sync.
2025/11/07 21:52:54 Done extracting types for package sync.
2025/11/07 21:52:54 Processing package io.
2025/11/07 21:52:54 Extracting types for package io.
2025/11/07 21:52:54 Done extracting types for package io.
2025/11/07 21:52:54 Processing package iter.
2025/11/07 21:52:54 Extracting types for package iter.
2025/11/07 21:52:54 Done extracting types for package iter.
2025/11/07 21:52:54 Processing package math/bits.
2025/11/07 21:52:54 Extracting types for package math/bits.
2025/11/07 21:52:54 Done extracting types for package math/bits.
2025/11/07 21:52:54 Processing package unicode.
2025/11/07 21:52:54 Extracting types for package unicode.
2025/11/07 21:52:54 Done extracting types for package unicode.
2025/11/07 21:52:54 Processing package unicode/utf8.
2025/11/07 21:52:54 Extracting types for package unicode/utf8.
2025/11/07 21:52:54 Done extracting types for package unicode/utf8.
2025/11/07 21:52:54 Processing package bytes.
2025/11/07 21:52:54 Extracting types for package bytes.
2025/11/07 21:52:54 Done extracting types for package bytes.
2025/11/07 21:52:54 Processing package internal/bisect.
2025/11/07 21:52:54 Extracting types for package internal/bisect.
2025/11/07 21:52:54 Done extracting types for package internal/bisect.
2025/11/07 21:52:54 Processing package internal/godebug.
2025/11/07 21:52:54 Extracting types for package internal/godebug.
2025/11/07 21:52:54 Done extracting types for package internal/godebug.
2025/11/07 21:52:54 Processing package crypto/internal/fips140deps/godebug.
2025/11/07 21:52:54 Extracting types for package crypto/internal/fips140deps/godebug.
2025/11/07 21:52:54 Done extracting types for package crypto/internal/fips140deps/godebug.
2025/11/07 21:52:54 Processing package strings.
2025/11/07 21:52:54 Extracting types for package strings.
2025/11/07 21:52:54 Done extracting types for package strings.
2025/11/07 21:52:54 Processing package crypto/internal/fips140.
2025/11/07 21:52:54 Extracting types for package crypto/internal/fips140.
2025/11/07 21:52:54 Done extracting types for package crypto/internal/fips140.
2025/11/07 21:52:54 Processing package crypto/internal/fips140/alias.
2025/11/07 21:52:54 Extracting types for package crypto/internal/fips140/alias.
2025/11/07 21:52:54 Done extracting types for package crypto/internal/fips140/alias.
2025/11/07 21:52:54 Processing package crypto/internal/fips140deps/byteorder.
2025/11/07 21:52:54 Extracting types for package crypto/internal/fips140deps/byteorder.
2025/11/07 21:52:54 Done extracting types for package crypto/internal/fips140deps/byteorder.
2025/11/07 21:52:54 Processing package crypto/internal/fips140deps/cpu.
2025/11/07 21:52:54 Extracting types for package crypto/internal/fips140deps/cpu.
2025/11/07 21:52:54 Done extracting types for package crypto/internal/fips140deps/cpu.
2025/11/07 21:52:54 Processing package crypto/internal/impl.
2025/11/07 21:52:54 Extracting types for package crypto/internal/impl.
2025/11/07 21:52:54 Done extracting types for package crypto/internal/impl.
2025/11/07 21:52:54 Processing package hash.
2025/11/07 21:52:54 Extracting types for package hash.
2025/11/07 21:52:54 Done extracting types for package hash.
2025/11/07 21:52:54 Processing package crypto/internal/fips140/sha256.
2025/11/07 21:52:54 Extracting types for package crypto/internal/fips140/sha256.
2025/11/07 21:52:54 Done extracting types for package crypto/internal/fips140/sha256.
2025/11/07 21:52:54 Processing package crypto/internal/fips140/subtle.
2025/11/07 21:52:54 Extracting types for package crypto/internal/fips140/subtle.
2025/11/07 21:52:54 Done extracting types for package crypto/internal/fips140/subtle.
2025/11/07 21:52:54 Processing package crypto/internal/fips140/sha3.
2025/11/07 21:52:54 Extracting types for package crypto/internal/fips140/sha3.
2025/11/07 21:52:54 Done extracting types for package crypto/internal/fips140/sha3.
2025/11/07 21:52:54 Processing package crypto/internal/fips140/sha512.
2025/11/07 21:52:54 Extracting types for package crypto/internal/fips140/sha512.
2025/11/07 21:52:54 Done extracting types for package crypto/internal/fips140/sha512.
2025/11/07 21:52:54 Processing package crypto/internal/fips140/hmac.
2025/11/07 21:52:54 Extracting types for package crypto/internal/fips140/hmac.
2025/11/07 21:52:54 Done extracting types for package crypto/internal/fips140/hmac.
2025/11/07 21:52:54 Processing package crypto/internal/fips140/check.
2025/11/07 21:52:54 Extracting types for package crypto/internal/fips140/check.
2025/11/07 21:52:54 Done extracting types for package crypto/internal/fips140/check.
2025/11/07 21:52:54 Processing package math.
2025/11/07 21:52:54 Extracting types for package math.
2025/11/07 21:52:54 Done extracting types for package math.
2025/11/07 21:52:54 Processing package strconv.
2025/11/07 21:52:54 Extracting types for package strconv.
2025/11/07 21:52:54 Done extracting types for package strconv.
2025/11/07 21:52:54 Processing package crypto/internal/fips140/aes.
2025/11/07 21:52:54 Extracting types for package crypto/internal/fips140/aes.
2025/11/07 21:52:54 Done extracting types for package crypto/internal/fips140/aes.
2025/11/07 21:52:54 Processing package internal/itoa.
2025/11/07 21:52:54 Extracting types for package internal/itoa.
2025/11/07 21:52:54 Done extracting types for package internal/itoa.
2025/11/07 21:52:54 Processing package internal/oserror.
2025/11/07 21:52:54 Extracting types for package internal/oserror.
2025/11/07 21:52:54 Done extracting types for package internal/oserror.
2025/11/07 21:52:54 Processing package syscall.
2025/11/07 21:52:54 Extracting types for package syscall.
2025/11/07 21:52:54 Done extracting types for package syscall.
2025/11/07 21:52:54 Processing package internal/syscall/unix.
2025/11/07 21:52:54 Extracting types for package internal/syscall/unix.
2025/11/07 21:52:54 Done extracting types for package internal/syscall/unix.
2025/11/07 21:52:54 Processing package path.
2025/11/07 21:52:54 Extracting types for package path.
2025/11/07 21:52:54 Done extracting types for package path.
2025/11/07 21:52:54 Processing package cmp.
2025/11/07 21:52:54 Extracting types for package cmp.
2025/11/07 21:52:54 Done extracting types for package cmp.
2025/11/07 21:52:54 Processing package slices.
2025/11/07 21:52:54 Extracting types for package slices.
2025/11/07 21:52:54 Done extracting types for package slices.
2025/11/07 21:52:54 Processing package time.
2025/11/07 21:52:54 Extracting types for package time.
2025/11/07 21:52:54 Done extracting types for package time.
2025/11/07 21:52:54 Processing package io/fs.
2025/11/07 21:52:54 Extracting types for package io/fs.
2025/11/07 21:52:54 Done extracting types for package io/fs.
2025/11/07 21:52:54 Processing package internal/filepathlite.
2025/11/07 21:52:54 Extracting types for package internal/filepathlite.
2025/11/07 21:52:54 Done extracting types for package internal/filepathlite.
2025/11/07 21:52:54 Processing package internal/poll.
2025/11/07 21:52:54 Extracting types for package internal/poll.
2025/11/07 21:52:54 Done extracting types for package internal/poll.
2025/11/07 21:52:54 Processing package internal/syscall/execenv.
2025/11/07 21:52:54 Extracting types for package internal/syscall/execenv.
2025/11/07 21:52:54 Done extracting types for package internal/syscall/execenv.
2025/11/07 21:52:54 Processing package internal/testlog.
2025/11/07 21:52:54 Extracting types for package internal/testlog.
2025/11/07 21:52:54 Done extracting types for package internal/testlog.
2025/11/07 21:52:54 Processing package os.
2025/11/07 21:52:54 Extracting types for package os.
2025/11/07 21:52:54 Done extracting types for package os.
2025/11/07 21:52:54 Processing package crypto/internal/sysrand.
2025/11/07 21:52:54 Extracting types for package crypto/internal/sysrand.
2025/11/07 21:52:54 Done extracting types for package crypto/internal/sysrand.
2025/11/07 21:52:54 Processing package crypto/internal/entropy.
2025/11/07 21:52:54 Extracting types for package crypto/internal/entropy.
2025/11/07 21:52:54 Done extracting types for package crypto/internal/entropy.
2025/11/07 21:52:54 Processing package math/rand/v2.
2025/11/07 21:52:54 Extracting types for package math/rand/v2.
2025/11/07 21:52:54 Done extracting types for package math/rand/v2.
2025/11/07 21:52:54 Processing package crypto/internal/randutil.
2025/11/07 21:52:54 Extracting types for package crypto/internal/randutil.
2025/11/07 21:52:54 Done extracting types for package crypto/internal/randutil.
2025/11/07 21:52:54 Processing package crypto/internal/fips140/drbg.
2025/11/07 21:52:54 Extracting types for package crypto/internal/fips140/drbg.
2025/11/07 21:52:54 Done extracting types for package crypto/internal/fips140/drbg.
2025/11/07 21:52:54 Processing package crypto/internal/fips140/aes/gcm.
2025/11/07 21:52:54 Extracting types for package crypto/internal/fips140/aes/gcm.
2025/11/07 21:52:54 Done extracting types for package crypto/internal/fips140/aes/gcm.
2025/11/07 21:52:54 Processing package crypto/internal/fips140only.
2025/11/07 21:52:54 Extracting types for package crypto/internal/fips140only.
2025/11/07 21:52:54 Done extracting types for package crypto/internal/fips140only.
2025/11/07 21:52:54 Processing package crypto/subtle.
2025/11/07 21:52:54 Extracting types for package crypto/subtle.
2025/11/07 21:52:54 Done extracting types for package crypto/subtle.
2025/11/07 21:52:54 Processing package crypto/cipher.
2025/11/07 21:52:54 Extracting types for package crypto/cipher.
2025/11/07 21:52:54 Done extracting types for package crypto/cipher.
2025/11/07 21:52:54 Processing package crypto.
2025/11/07 21:52:54 Extracting types for package crypto.
2025/11/07 21:52:54 Done extracting types for package crypto.
2025/11/07 21:52:54 Processing package crypto/internal/boring/sig.
2025/11/07 21:52:54 Extracting types for package crypto/internal/boring/sig.
2025/11/07 21:52:54 Done extracting types for package crypto/internal/boring/sig.
2025/11/07 21:52:54 Processing package crypto/internal/boring.
2025/11/07 21:52:54 Extracting types for package crypto/internal/boring.
2025/11/07 21:52:54 Done extracting types for package crypto/internal/boring.
2025/11/07 21:52:54 Processing package crypto/aes.
2025/11/07 21:52:54 Extracting types for package crypto/aes.
2025/11/07 21:52:54 Done extracting types for package crypto/aes.
2025/11/07 21:52:54 Processing package crypto/md5.
2025/11/07 21:52:54 Extracting types for package crypto/md5.
2025/11/07 21:52:54 Done extracting types for package crypto/md5.
2025/11/07 21:52:54 Processing package context.
2025/11/07 21:52:54 Extracting types for package context.
2025/11/07 21:52:54 Done extracting types for package context.
2025/11/07 21:52:54 Processing package reflect.
2025/11/07 21:52:54 Extracting types for package reflect.
2025/11/07 21:52:54 Done extracting types for package reflect.
2025/11/07 21:52:54 Processing package internal/fmtsort.
2025/11/07 21:52:54 Extracting types for package internal/fmtsort.
2025/11/07 21:52:54 Done extracting types for package internal/fmtsort.
2025/11/07 21:52:54 Processing package fmt.
2025/11/07 21:52:54 Extracting types for package fmt.
2025/11/07 21:52:54 Done extracting types for package fmt.
2025/11/07 21:52:54 Processing package database/sql/driver.
2025/11/07 21:52:54 Extracting types for package database/sql/driver.
2025/11/07 21:52:54 Done extracting types for package database/sql/driver.
2025/11/07 21:52:54 Processing package maps.
2025/11/07 21:52:54 Extracting types for package maps.
2025/11/07 21:52:54 Done extracting types for package maps.
2025/11/07 21:52:54 Processing package database/sql.
2025/11/07 21:52:54 Extracting types for package database/sql.
2025/11/07 21:52:54 Done extracting types for package database/sql.
2025/11/07 21:52:54 Processing package encoding/hex.
2025/11/07 21:52:54 Extracting types for package encoding/hex.
2025/11/07 21:52:54 Done extracting types for package encoding/hex.
2025/11/07 21:52:54 Processing package bufio.
2025/11/07 21:52:54 Extracting types for package bufio.
2025/11/07 21:52:54 Done extracting types for package bufio.
2025/11/07 21:52:54 Processing package encoding/base64.
2025/11/07 21:52:54 Extracting types for package encoding/base64.
2025/11/07 21:52:54 Done extracting types for package encoding/base64.
2025/11/07 21:52:54 Processing package encoding.
2025/11/07 21:52:54 Extracting types for package encoding.
2025/11/07 21:52:54 Done extracting types for package encoding.
2025/11/07 21:52:54 Processing package encoding/xml.
2025/11/07 21:52:54 Extracting types for package encoding/xml.
2025/11/07 21:52:54 Done extracting types for package encoding/xml.
2025/11/07 21:52:54 Processing package flag.
2025/11/07 21:52:54 Extracting types for package flag.
2025/11/07 21:52:54 Done extracting types for package flag.
2025/11/07 21:52:54 Processing package unicode/utf16.
2025/11/07 21:52:54 Extracting types for package unicode/utf16.
2025/11/07 21:52:54 Done extracting types for package unicode/utf16.
2025/11/07 21:52:54 Processing package encoding/json.
2025/11/07 21:52:54 Extracting types for package encoding/json.
2025/11/07 21:52:54 Done extracting types for package encoding/json.
2025/11/07 21:52:54 Processing package io/ioutil.
2025/11/07 21:52:54 Extracting types for package io/ioutil.
2025/11/07 21:52:54 Done extracting types for package io/ioutil.
2025/11/07 21:52:54 Processing package sort.
2025/11/07 21:52:54 Extracting types for package sort.
2025/11/07 21:52:54 Done extracting types for package sort.
2025/11/07 21:52:54 Processing package compress/flate.
2025/11/07 21:52:54 Extracting types for package compress/flate.
2025/11/07 21:52:54 Done extracting types for package compress/flate.
2025/11/07 21:52:54 Processing package encoding/binary.
2025/11/07 21:52:54 Extracting types for package encoding/binary.
2025/11/07 21:52:54 Done extracting types for package encoding/binary.
2025/11/07 21:52:54 Processing package hash/crc32.
2025/11/07 21:52:54 Extracting types for package hash/crc32.
2025/11/07 21:52:54 Done extracting types for package hash/crc32.
2025/11/07 21:52:54 Processing package compress/gzip.
2025/11/07 21:52:54 Extracting types for package compress/gzip.
2025/11/07 21:52:54 Done extracting types for package compress/gzip.
2025/11/07 21:52:54 Processing package container/list.
2025/11/07 21:52:54 Extracting types for package container/list.
2025/11/07 21:52:54 Done extracting types for package container/list.
2025/11/07 21:52:54 Processing package math/rand.
2025/11/07 21:52:54 Extracting types for package math/rand.
2025/11/07 21:52:54 Done extracting types for package math/rand.
2025/11/07 21:52:54 Processing package math/big.
2025/11/07 21:52:54 Extracting types for package math/big.
2025/11/07 21:52:54 Done extracting types for package math/big.
2025/11/07 21:52:54 Processing package crypto/rand.
2025/11/07 21:52:54 Extracting types for package crypto/rand.
2025/11/07 21:52:54 Done extracting types for package crypto/rand.
2025/11/07 21:52:54 Processing package crypto/des.
2025/11/07 21:52:54 Extracting types for package crypto/des.
2025/11/07 21:52:54 Done extracting types for package crypto/des.
2025/11/07 21:52:54 Processing package crypto/internal/fips140/nistec/fiat.
2025/11/07 21:52:54 Extracting types for package crypto/internal/fips140/nistec/fiat.
2025/11/07 21:52:54 Done extracting types for package crypto/internal/fips140/nistec/fiat.
2025/11/07 21:52:54 Processing package crypto/internal/fips140/nistec.
2025/11/07 21:52:54 Extracting types for package crypto/internal/fips140/nistec.
2025/11/07 21:52:54 Done extracting types for package crypto/internal/fips140/nistec.
2025/11/07 21:52:54 Processing package crypto/internal/fips140/ecdh.
2025/11/07 21:52:54 Extracting types for package crypto/internal/fips140/ecdh.
2025/11/07 21:52:54 Done extracting types for package crypto/internal/fips140/ecdh.
2025/11/07 21:52:54 Processing package crypto/internal/fips140/edwards25519/field.
2025/11/07 21:52:54 Extracting types for package crypto/internal/fips140/edwards25519/field.
2025/11/07 21:52:54 Done extracting types for package crypto/internal/fips140/edwards25519/field.
2025/11/07 21:52:54 Processing package crypto/ecdh.
2025/11/07 21:52:54 Extracting types for package crypto/ecdh.
2025/11/07 21:52:54 Done extracting types for package crypto/ecdh.
2025/11/07 21:52:54 Processing package crypto/elliptic.
2025/11/07 21:52:54 Extracting types for package crypto/elliptic.
2025/11/07 21:52:54 Done extracting types for package crypto/elliptic.
2025/11/07 21:52:54 Processing package crypto/internal/boring/bbig.
2025/11/07 21:52:54 Extracting types for package crypto/internal/boring/bbig.
2025/11/07 21:52:54 Done extracting types for package crypto/internal/boring/bbig.
2025/11/07 21:52:54 Processing package crypto/internal/fips140/bigmod.
2025/11/07 21:52:54 Extracting types for package crypto/internal/fips140/bigmod.
2025/11/07 21:52:54 Done extracting types for package crypto/internal/fips140/bigmod.
2025/11/07 21:52:54 Processing package crypto/internal/fips140/ecdsa.
2025/11/07 21:52:54 Extracting types for package crypto/internal/fips140/ecdsa.
2025/11/07 21:52:54 Done extracting types for package crypto/internal/fips140/ecdsa.
2025/11/07 21:52:54 Processing package weak.
2025/11/07 21:52:54 Extracting types for package weak.
2025/11/07 21:52:54 Done extracting types for package weak.
2025/11/07 21:52:54 Processing package crypto/internal/fips140cache.
2025/11/07 21:52:54 Extracting types for package crypto/internal/fips140cache.
2025/11/07 21:52:54 Done extracting types for package crypto/internal/fips140cache.
2025/11/07 21:52:54 Processing package crypto/sha3.
2025/11/07 21:52:54 Extracting types for package crypto/sha3.
2025/11/07 21:52:54 Done extracting types for package crypto/sha3.
2025/11/07 21:52:54 Processing package crypto/internal/fips140hash.
2025/11/07 21:52:54 Extracting types for package crypto/internal/fips140hash.
2025/11/07 21:52:54 Done extracting types for package crypto/internal/fips140hash.
2025/11/07 21:52:54 Processing package crypto/sha512.
2025/11/07 21:52:54 Extracting types for package crypto/sha512.
2025/11/07 21:52:54 Done extracting types for package crypto/sha512.
2025/11/07 21:52:54 Processing package internal/saferio.
2025/11/07 21:52:54 Extracting types for package internal/saferio.
2025/11/07 21:52:54 Done extracting types for package internal/saferio.
2025/11/07 21:52:54 Processing package encoding/asn1.
2025/11/07 21:52:54 Extracting types for package encoding/asn1.
2025/11/07 21:52:54 Done extracting types for package encoding/asn1.
2025/11/07 21:52:54 Processing package vendor/golang.org/x/crypto/cryptobyte/asn1.
2025/11/07 21:52:54 Extracting types for package vendor/golang.org/x/crypto/cryptobyte/asn1.
2025/11/07 21:52:54 Done extracting types for package vendor/golang.org/x/crypto/cryptobyte/asn1.
2025/11/07 21:52:54 Processing package vendor/golang.org/x/crypto/cryptobyte.
2025/11/07 21:52:54 Extracting types for package vendor/golang.org/x/crypto/cryptobyte.
2025/11/07 21:52:54 Done extracting types for package vendor/golang.org/x/crypto/cryptobyte.
2025/11/07 21:52:54 Processing package crypto/ecdsa.
2025/11/07 21:52:54 Extracting types for package crypto/ecdsa.
2025/11/07 21:52:54 Done extracting types for package crypto/ecdsa.
2025/11/07 21:52:54 Processing package crypto/internal/fips140/edwards25519.
2025/11/07 21:52:54 Extracting types for package crypto/internal/fips140/edwards25519.
2025/11/07 21:52:54 Done extracting types for package crypto/internal/fips140/edwards25519.
2025/11/07 21:52:54 Processing package crypto/internal/fips140/ed25519.
2025/11/07 21:52:54 Extracting types for package crypto/internal/fips140/ed25519.
2025/11/07 21:52:54 Done extracting types for package crypto/internal/fips140/ed25519.
2025/11/07 21:52:54 Processing package crypto/ed25519.
2025/11/07 21:52:54 Extracting types for package crypto/ed25519.
2025/11/07 21:52:54 Done extracting types for package crypto/ed25519.
2025/11/07 21:52:54 Processing package crypto/internal/fips140/hkdf.
2025/11/07 21:52:54 Extracting types for package crypto/internal/fips140/hkdf.
2025/11/07 21:52:54 Done extracting types for package crypto/internal/fips140/hkdf.
2025/11/07 21:52:54 Processing package crypto/hkdf.
2025/11/07 21:52:54 Extracting types for package crypto/hkdf.
2025/11/07 21:52:54 Done extracting types for package crypto/hkdf.
2025/11/07 21:52:54 Processing package crypto/hmac.
2025/11/07 21:52:54 Extracting types for package crypto/hmac.
2025/11/07 21:52:54 Done extracting types for package crypto/hmac.
2025/11/07 21:52:54 Processing package crypto/internal/fips140/mlkem.
2025/11/07 21:52:54 Extracting types for package crypto/internal/fips140/mlkem.
2025/11/07 21:52:54 Done extracting types for package crypto/internal/fips140/mlkem.
2025/11/07 21:52:54 Processing package crypto/internal/fips140/tls12.
2025/11/07 21:52:54 Extracting types for package crypto/internal/fips140/tls12.
2025/11/07 21:52:54 Done extracting types for package crypto/internal/fips140/tls12.
2025/11/07 21:52:54 Processing package crypto/internal/fips140/tls13.
2025/11/07 21:52:54 Extracting types for package crypto/internal/fips140/tls13.
2025/11/07 21:52:54 Done extracting types for package crypto/internal/fips140/tls13.
2025/11/07 21:52:54 Processing package vendor/golang.org/x/crypto/internal/alias.
2025/11/07 21:52:54 Extracting types for package vendor/golang.org/x/crypto/internal/alias.
2025/11/07 21:52:54 Done extracting types for package vendor/golang.org/x/crypto/internal/alias.
2025/11/07 21:52:54 Processing package vendor/golang.org/x/crypto/chacha20.
2025/11/07 21:52:54 Extracting types for package vendor/golang.org/x/crypto/chacha20.
2025/11/07 21:52:54 Done extracting types for package vendor/golang.org/x/crypto/chacha20.
2025/11/07 21:52:54 Processing package vendor/golang.org/x/crypto/internal/poly1305.
2025/11/07 21:52:54 Extracting types for package vendor/golang.org/x/crypto/internal/poly1305.
2025/11/07 21:52:54 Done extracting types for package vendor/golang.org/x/crypto/internal/poly1305.
2025/11/07 21:52:54 Processing package vendor/golang.org/x/crypto/chacha20poly1305.
2025/11/07 21:52:54 Extracting types for package vendor/golang.org/x/crypto/chacha20poly1305.
2025/11/07 21:52:54 Done extracting types for package vendor/golang.org/x/crypto/chacha20poly1305.
2025/11/07 21:52:54 Processing package crypto/internal/hpke.
2025/11/07 21:52:54 Extracting types for package crypto/internal/hpke.
2025/11/07 21:52:54 Done extracting types for package crypto/internal/hpke.
2025/11/07 21:52:54 Processing package crypto/rc4.
2025/11/07 21:52:54 Extracting types for package crypto/rc4.
2025/11/07 21:52:54 Done extracting types for package crypto/rc4.
2025/11/07 21:52:54 Processing package crypto/internal/fips140/rsa.
2025/11/07 21:52:54 Extracting types for package crypto/internal/fips140/rsa.
2025/11/07 21:52:54 Done extracting types for package crypto/internal/fips140/rsa.
2025/11/07 21:52:54 Processing package crypto/rsa.
2025/11/07 21:52:54 Extracting types for package crypto/rsa.
2025/11/07 21:52:54 Done extracting types for package crypto/rsa.
2025/11/07 21:52:54 Processing package crypto/sha1.
2025/11/07 21:52:54 Extracting types for package crypto/sha1.
2025/11/07 21:52:54 Done extracting types for package crypto/sha1.
2025/11/07 21:52:54 Processing package crypto/sha256.
2025/11/07 21:52:54 Extracting types for package crypto/sha256.
2025/11/07 21:52:54 Done extracting types for package crypto/sha256.
2025/11/07 21:52:54 Processing package crypto/fips140.
2025/11/07 21:52:54 Extracting types for package crypto/fips140.
2025/11/07 21:52:54 Done extracting types for package crypto/fips140.
2025/11/07 21:52:54 Processing package crypto/tls/internal/fips140tls.
2025/11/07 21:52:54 Extracting types for package crypto/tls/internal/fips140tls.
2025/11/07 21:52:54 Done extracting types for package crypto/tls/internal/fips140tls.
2025/11/07 21:52:54 Processing package crypto/dsa.
2025/11/07 21:52:54 Extracting types for package crypto/dsa.
2025/11/07 21:52:54 Done extracting types for package crypto/dsa.
2025/11/07 21:52:54 Processing package crypto/x509/internal/macos.
2025/11/07 21:52:54 Extracting types for package crypto/x509/internal/macos.
2025/11/07 21:52:54 Done extracting types for package crypto/x509/internal/macos.
2025/11/07 21:52:54 Processing package crypto/x509/pkix.
2025/11/07 21:52:54 Extracting types for package crypto/x509/pkix.
2025/11/07 21:52:54 Done extracting types for package crypto/x509/pkix.
2025/11/07 21:52:54 Processing package encoding/pem.
2025/11/07 21:52:54 Extracting types for package encoding/pem.
2025/11/07 21:52:54 Done extracting types for package encoding/pem.
2025/11/07 21:52:54 Processing package vendor/golang.org/x/net/dns/dnsmessage.
2025/11/07 21:52:54 Extracting types for package vendor/golang.org/x/net/dns/dnsmessage.
2025/11/07 21:52:54 Done extracting types for package vendor/golang.org/x/net/dns/dnsmessage.
2025/11/07 21:52:54 Processing package internal/nettrace.
2025/11/07 21:52:54 Extracting types for package internal/nettrace.
2025/11/07 21:52:54 Done extracting types for package internal/nettrace.
2025/11/07 21:52:54 Processing package unique.
2025/11/07 21:52:54 Extracting types for package unique.
2025/11/07 21:52:54 Done extracting types for package unique.
2025/11/07 21:52:54 Processing package net/netip.
2025/11/07 21:52:54 Extracting types for package net/netip.
2025/11/07 21:52:54 Done extracting types for package net/netip.
2025/11/07 21:52:54 Processing package internal/routebsd.
2025/11/07 21:52:54 Extracting types for package internal/routebsd.
2025/11/07 21:52:54 Done extracting types for package internal/routebsd.
2025/11/07 21:52:54 Processing package internal/singleflight.
2025/11/07 21:52:54 Extracting types for package internal/singleflight.
2025/11/07 21:52:54 Done extracting types for package internal/singleflight.
2025/11/07 21:52:54 Processing package net.
2025/11/07 21:52:54 Extracting types for package net.
2025/11/07 21:52:54 Done extracting types for package net.
2025/11/07 21:52:54 Processing package net/url.
2025/11/07 21:52:54 Extracting types for package net/url.
2025/11/07 21:52:54 Done extracting types for package net/url.
2025/11/07 21:52:54 Processing package crypto/x509.
2025/11/07 21:52:54 Extracting types for package crypto/x509.
2025/11/07 21:52:54 Done extracting types for package crypto/x509.
2025/11/07 21:52:54 Processing package crypto/tls.
2025/11/07 21:52:54 Extracting types for package crypto/tls.
2025/11/07 21:52:54 Done extracting types for package crypto/tls.
2025/11/07 21:52:54 Processing package vendor/golang.org/x/text/transform.
2025/11/07 21:52:54 Extracting types for package vendor/golang.org/x/text/transform.
2025/11/07 21:52:54 Done extracting types for package vendor/golang.org/x/text/transform.
2025/11/07 21:52:54 Processing package log/internal.
2025/11/07 21:52:54 Extracting types for package log/internal.
2025/11/07 21:52:54 Done extracting types for package log/internal.
2025/11/07 21:52:54 Processing package log.
2025/11/07 21:52:54 Extracting types for package log.
2025/11/07 21:52:54 Done extracting types for package log.
2025/11/07 21:52:54 Processing package vendor/golang.org/x/text/unicode/bidi.
2025/11/07 21:52:54 Extracting types for package vendor/golang.org/x/text/unicode/bidi.
2025/11/07 21:52:54 Done extracting types for package vendor/golang.org/x/text/unicode/bidi.
2025/11/07 21:52:54 Processing package vendor/golang.org/x/text/secure/bidirule.
2025/11/07 21:52:54 Extracting types for package vendor/golang.org/x/text/secure/bidirule.
2025/11/07 21:52:54 Done extracting types for package vendor/golang.org/x/text/secure/bidirule.
2025/11/07 21:52:54 Processing package vendor/golang.org/x/text/unicode/norm.
2025/11/07 21:52:54 Extracting types for package vendor/golang.org/x/text/unicode/norm.
2025/11/07 21:52:54 Done extracting types for package vendor/golang.org/x/text/unicode/norm.
2025/11/07 21:52:54 Processing package vendor/golang.org/x/net/idna.
2025/11/07 21:52:54 Extracting types for package vendor/golang.org/x/net/idna.
2025/11/07 21:52:54 Done extracting types for package vendor/golang.org/x/net/idna.
2025/11/07 21:52:54 Processing package net/textproto.
2025/11/07 21:52:54 Extracting types for package net/textproto.
2025/11/07 21:52:54 Done extracting types for package net/textproto.
2025/11/07 21:52:54 Processing package vendor/golang.org/x/net/http/httpguts.
2025/11/07 21:52:54 Extracting types for package vendor/golang.org/x/net/http/httpguts.
2025/11/07 21:52:54 Done extracting types for package vendor/golang.org/x/net/http/httpguts.
2025/11/07 21:52:54 Processing package vendor/golang.org/x/net/http/httpproxy.
2025/11/07 21:52:54 Extracting types for package vendor/golang.org/x/net/http/httpproxy.
2025/11/07 21:52:54 Done extracting types for package vendor/golang.org/x/net/http/httpproxy.
2025/11/07 21:52:54 Processing package vendor/golang.org/x/net/http2/hpack.
2025/11/07 21:52:54 Extracting types for package vendor/golang.org/x/net/http2/hpack.
2025/11/07 21:52:54 Done extracting types for package vendor/golang.org/x/net/http2/hpack.
2025/11/07 21:52:54 Processing package mime.
2025/11/07 21:52:54 Extracting types for package mime.
2025/11/07 21:52:54 Done extracting types for package mime.
2025/11/07 21:52:54 Processing package mime/quotedprintable.
2025/11/07 21:52:54 Extracting types for package mime/quotedprintable.
2025/11/07 21:52:54 Done extracting types for package mime/quotedprintable.
2025/11/07 21:52:54 Processing package path/filepath.
2025/11/07 21:52:54 Extracting types for package path/filepath.
2025/11/07 21:52:54 Done extracting types for package path/filepath.
2025/11/07 21:52:54 Processing package mime/multipart.
2025/11/07 21:52:54 Extracting types for package mime/multipart.
2025/11/07 21:52:54 Done extracting types for package mime/multipart.
2025/11/07 21:52:54 Processing package net/http/httptrace.
2025/11/07 21:52:54 Extracting types for package net/http/httptrace.
2025/11/07 21:52:54 Done extracting types for package net/http/httptrace.
2025/11/07 21:52:54 Processing package net/http/internal.
2025/11/07 21:52:54 Extracting types for package net/http/internal.
2025/11/07 21:52:54 Done extracting types for package net/http/internal.
2025/11/07 21:52:54 Processing package net/http/internal/ascii.
2025/11/07 21:52:54 Extracting types for package net/http/internal/ascii.
2025/11/07 21:52:54 Done extracting types for package net/http/internal/ascii.
2025/11/07 21:52:54 Processing package net/http/internal/httpcommon.
2025/11/07 21:52:54 Extracting types for package net/http/internal/httpcommon.
2025/11/07 21:52:54 Done extracting types for package net/http/internal/httpcommon.
2025/11/07 21:52:54 Processing package net/http.
2025/11/07 21:52:54 Extracting types for package net/http.
2025/11/07 21:52:54 Done extracting types for package net/http.
2025/11/07 21:52:54 Processing package github.com/gin-contrib/sse.
2025/11/07 21:52:54 Extracting types for package github.com/gin-contrib/sse.
2025/11/07 21:52:54 Done extracting types for package github.com/gin-contrib/sse.
2025/11/07 21:52:54 Processing package github.com/gin-gonic/gin/internal/bytesconv.
2025/11/07 21:52:54 Extracting types for package github.com/gin-gonic/gin/internal/bytesconv.
2025/11/07 21:52:54 Done extracting types for package github.com/gin-gonic/gin/internal/bytesconv.
2025/11/07 21:52:54 Processing package github.com/gin-gonic/gin/internal/json.
2025/11/07 21:52:54 Extracting types for package github.com/gin-gonic/gin/internal/json.
2025/11/07 21:52:54 Done extracting types for package github.com/gin-gonic/gin/internal/json.
2025/11/07 21:52:54 Processing package golang.org/x/net/html/atom.
2025/11/07 21:52:54 Extracting types for package golang.org/x/net/html/atom.
2025/11/07 21:52:54 Done extracting types for package golang.org/x/net/html/atom.
2025/11/07 21:52:54 Processing package golang.org/x/net/html.
2025/11/07 21:52:54 Extracting types for package golang.org/x/net/html.
2025/11/07 21:52:54 Done extracting types for package golang.org/x/net/html.
2025/11/07 21:52:54 Processing package github.com/gabriel-vasile/mimetype/internal/charset.
2025/11/07 21:52:54 Extracting types for package github.com/gabriel-vasile/mimetype/internal/charset.
2025/11/07 21:52:54 Done extracting types for package github.com/gabriel-vasile/mimetype/internal/charset.
2025/11/07 21:52:54 Processing package hash/adler32.
2025/11/07 21:52:54 Extracting types for package hash/adler32.
2025/11/07 21:52:54 Done extracting types for package hash/adler32.
2025/11/07 21:52:54 Processing package compress/zlib.
2025/11/07 21:52:54 Extracting types for package compress/zlib.
2025/11/07 21:52:54 Done extracting types for package compress/zlib.
2025/11/07 21:52:54 Processing package debug/dwarf.
2025/11/07 21:52:54 Extracting types for package debug/dwarf.
2025/11/07 21:52:54 Done extracting types for package debug/dwarf.
2025/11/07 21:52:54 Processing package debug/macho.
2025/11/07 21:52:54 Extracting types for package debug/macho.
2025/11/07 21:52:54 Done extracting types for package debug/macho.
2025/11/07 21:52:54 Processing package encoding/csv.
2025/11/07 21:52:54 Extracting types for package encoding/csv.
2025/11/07 21:52:54 Done extracting types for package encoding/csv.
2025/11/07 21:52:54 Processing package github.com/gabriel-vasile/mimetype/internal/json.
2025/11/07 21:52:54 Extracting types for package github.com/gabriel-vasile/mimetype/internal/json.
2025/11/07 21:52:54 Done extracting types for package github.com/gabriel-vasile/mimetype/internal/json.
2025/11/07 21:52:54 Processing package github.com/gabriel-vasile/mimetype/internal/magic.
2025/11/07 21:52:54 Extracting types for package github.com/gabriel-vasile/mimetype/internal/magic.
2025/11/07 21:52:54 Done extracting types for package github.com/gabriel-vasile/mimetype/internal/magic.
2025/11/07 21:52:54 Processing package github.com/gabriel-vasile/mimetype.
2025/11/07 21:52:54 Extracting types for package github.com/gabriel-vasile/mimetype.
2025/11/07 21:52:54 Done extracting types for package github.com/gabriel-vasile/mimetype.
2025/11/07 21:52:54 Processing package github.com/go-playground/locales/currency.
2025/11/07 21:52:54 Extracting types for package github.com/go-playground/locales/currency.
2025/11/07 21:52:54 Done extracting types for package github.com/go-playground/locales/currency.
2025/11/07 21:52:54 Processing package github.com/go-playground/locales.
2025/11/07 21:52:54 Extracting types for package github.com/go-playground/locales.
2025/11/07 21:52:54 Done extracting types for package github.com/go-playground/locales.
2025/11/07 21:52:54 Processing package github.com/go-playground/universal-translator.
2025/11/07 21:52:54 Extracting types for package github.com/go-playground/universal-translator.
2025/11/07 21:52:54 Done extracting types for package github.com/go-playground/universal-translator.
2025/11/07 21:52:54 Processing package github.com/leodido/go-urn/scim/schema.
2025/11/07 21:52:54 Extracting types for package github.com/leodido/go-urn/scim/schema.
2025/11/07 21:52:54 Done extracting types for package github.com/leodido/go-urn/scim/schema.
2025/11/07 21:52:54 Processing package github.com/leodido/go-urn.
2025/11/07 21:52:54 Extracting types for package github.com/leodido/go-urn.
2025/11/07 21:52:54 Done extracting types for package github.com/leodido/go-urn.
2025/11/07 21:52:54 Processing package golang.org/x/crypto/sha3.
2025/11/07 21:52:54 Extracting types for package golang.org/x/crypto/sha3.
2025/11/07 21:52:54 Done extracting types for package golang.org/x/crypto/sha3.
2025/11/07 21:52:54 Processing package golang.org/x/text/internal/tag.
2025/11/07 21:52:54 Extracting types for package golang.org/x/text/internal/tag.
2025/11/07 21:52:54 Done extracting types for package golang.org/x/text/internal/tag.
2025/11/07 21:52:54 Processing package golang.org/x/text/internal/language.
2025/11/07 21:52:54 Extracting types for package golang.org/x/text/internal/language.
2025/11/07 21:52:54 Done extracting types for package golang.org/x/text/internal/language.
2025/11/07 21:52:54 Processing package golang.org/x/text/internal/language/compact.
2025/11/07 21:52:54 Extracting types for package golang.org/x/text/internal/language/compact.
2025/11/07 21:52:54 Done extracting types for package golang.org/x/text/internal/language/compact.
2025/11/07 21:52:54 Processing package golang.org/x/text/language.
2025/11/07 21:52:54 Extracting types for package golang.org/x/text/language.
2025/11/07 21:52:54 Done extracting types for package golang.org/x/text/language.
2025/11/07 21:52:54 Processing package regexp/syntax.
2025/11/07 21:52:54 Extracting types for package regexp/syntax.
2025/11/07 21:52:54 Done extracting types for package regexp/syntax.
2025/11/07 21:52:54 Processing package regexp.
2025/11/07 21:52:54 Extracting types for package regexp.
2025/11/07 21:52:54 Done extracting types for package regexp.
2025/11/07 21:52:54 Processing package github.com/go-playground/validator/v10.
2025/11/07 21:52:54 Extracting types for package github.com/go-playground/validator/v10.
2025/11/07 21:52:54 Done extracting types for package github.com/go-playground/validator/v10.
2025/11/07 21:52:54 Processing package github.com/pelletier/go-toml/v2/internal/characters.
2025/11/07 21:52:54 Extracting types for package github.com/pelletier/go-toml/v2/internal/characters.
2025/11/07 21:52:54 Done extracting types for package github.com/pelletier/go-toml/v2/internal/characters.
2025/11/07 21:52:54 Processing package github.com/pelletier/go-toml/v2/internal/danger.
2025/11/07 21:52:54 Extracting types for package github.com/pelletier/go-toml/v2/internal/danger.
2025/11/07 21:52:54 Done extracting types for package github.com/pelletier/go-toml/v2/internal/danger.
2025/11/07 21:52:54 Processing package github.com/pelletier/go-toml/v2/unstable.
2025/11/07 21:52:54 Extracting types for package github.com/pelletier/go-toml/v2/unstable.
2025/11/07 21:52:54 Done extracting types for package github.com/pelletier/go-toml/v2/unstable.
2025/11/07 21:52:54 Processing package github.com/pelletier/go-toml/v2/internal/tracker.
2025/11/07 21:52:54 Extracting types for package github.com/pelletier/go-toml/v2/internal/tracker.
2025/11/07 21:52:54 Done extracting types for package github.com/pelletier/go-toml/v2/internal/tracker.
2025/11/07 21:52:54 Processing package github.com/pelletier/go-toml/v2.
2025/11/07 21:52:54 Extracting types for package github.com/pelletier/go-toml/v2.
2025/11/07 21:52:54 Done extracting types for package github.com/pelletier/go-toml/v2.
2025/11/07 21:52:54 Processing package encoding/gob.
2025/11/07 21:52:54 Extracting types for package encoding/gob.
2025/11/07 21:52:54 Done extracting types for package encoding/gob.
2025/11/07 21:52:54 Processing package go/token.
2025/11/07 21:52:54 Extracting types for package go/token.
2025/11/07 21:52:54 Done extracting types for package go/token.
2025/11/07 21:52:54 Processing package html.
2025/11/07 21:52:54 Extracting types for package html.
2025/11/07 21:52:54 Done extracting types for package html.
2025/11/07 21:52:54 Processing package text/template/parse.
2025/11/07 21:52:54 Extracting types for package text/template/parse.
2025/11/07 21:52:54 Done extracting types for package text/template/parse.
2025/11/07 21:52:54 Processing package text/template.
2025/11/07 21:52:54 Extracting types for package text/template.
2025/11/07 21:52:54 Done extracting types for package text/template.
2025/11/07 21:52:54 Processing package html/template.
2025/11/07 21:52:54 Extracting types for package html/template.
2025/11/07 21:52:54 Done extracting types for package html/template.
2025/11/07 21:52:54 Processing package net/rpc.
2025/11/07 21:52:54 Extracting types for package net/rpc.
2025/11/07 21:52:54 Done extracting types for package net/rpc.
2025/11/07 21:52:54 Processing package github.com/ugorji/go/codec.
2025/11/07 21:52:54 Extracting types for package github.com/ugorji/go/codec.
2025/11/07 21:52:54 Done extracting types for package github.com/ugorji/go/codec.
2025/11/07 21:52:54 Processing package hash/fnv.
2025/11/07 21:52:54 Extracting types for package hash/fnv.
2025/11/07 21:52:54 Done extracting types for package hash/fnv.
2025/11/07 21:52:54 Processing package google.golang.org/protobuf/internal/detrand.
2025/11/07 21:52:54 Extracting types for package google.golang.org/protobuf/internal/detrand.
2025/11/07 21:52:54 Done extracting types for package google.golang.org/protobuf/internal/detrand.
2025/11/07 21:52:54 Processing package google.golang.org/protobuf/internal/errors.
2025/11/07 21:52:54 Extracting types for package google.golang.org/protobuf/internal/errors.
2025/11/07 21:52:54 Done extracting types for package google.golang.org/protobuf/internal/errors.
2025/11/07 21:52:54 Processing package google.golang.org/protobuf/encoding/protowire.
2025/11/07 21:52:54 Extracting types for package google.golang.org/protobuf/encoding/protowire.
2025/11/07 21:52:54 Done extracting types for package google.golang.org/protobuf/encoding/protowire.
2025/11/07 21:52:54 Processing package google.golang.org/protobuf/internal/pragma.
2025/11/07 21:52:54 Extracting types for package google.golang.org/protobuf/internal/pragma.
2025/11/07 21:52:54 Done extracting types for package google.golang.org/protobuf/internal/pragma.
2025/11/07 21:52:54 Processing package google.golang.org/protobuf/reflect/protoreflect.
2025/11/07 21:52:54 Extracting types for package google.golang.org/protobuf/reflect/protoreflect.
2025/11/07 21:52:54 Done extracting types for package google.golang.org/protobuf/reflect/protoreflect.
2025/11/07 21:52:54 Processing package google.golang.org/protobuf/internal/encoding/messageset.
2025/11/07 21:52:54 Extracting types for package google.golang.org/protobuf/internal/encoding/messageset.
2025/11/07 21:52:54 Done extracting types for package google.golang.org/protobuf/internal/encoding/messageset.
2025/11/07 21:52:54 Processing package google.golang.org/protobuf/internal/flags.
2025/11/07 21:52:54 Extracting types for package google.golang.org/protobuf/internal/flags.
2025/11/07 21:52:54 Done extracting types for package google.golang.org/protobuf/internal/flags.
2025/11/07 21:52:54 Processing package google.golang.org/protobuf/internal/genid.
2025/11/07 21:52:54 Extracting types for package google.golang.org/protobuf/internal/genid.
2025/11/07 21:52:54 Done extracting types for package google.golang.org/protobuf/internal/genid.
2025/11/07 21:52:54 Processing package google.golang.org/protobuf/internal/order.
2025/11/07 21:52:54 Extracting types for package google.golang.org/protobuf/internal/order.
2025/11/07 21:52:54 Done extracting types for package google.golang.org/protobuf/internal/order.
2025/11/07 21:52:54 Processing package google.golang.org/protobuf/internal/strs.
2025/11/07 21:52:54 Extracting types for package google.golang.org/protobuf/internal/strs.
2025/11/07 21:52:54 Done extracting types for package google.golang.org/protobuf/internal/strs.
2025/11/07 21:52:54 Processing package google.golang.org/protobuf/reflect/protoregistry.
2025/11/07 21:52:54 Extracting types for package google.golang.org/protobuf/reflect/protoregistry.
2025/11/07 21:52:54 Done extracting types for package google.golang.org/protobuf/reflect/protoregistry.
2025/11/07 21:52:54 Processing package google.golang.org/protobuf/runtime/protoiface.
2025/11/07 21:52:54 Extracting types for package google.golang.org/protobuf/runtime/protoiface.
2025/11/07 21:52:55 Done extracting types for package google.golang.org/protobuf/runtime/protoiface.
2025/11/07 21:52:55 Processing package google.golang.org/protobuf/proto.
2025/11/07 21:52:55 Extracting types for package google.golang.org/protobuf/proto.
2025/11/07 21:52:55 Done extracting types for package google.golang.org/protobuf/proto.
2025/11/07 21:52:55 Processing package gopkg.in/yaml.v3.
2025/11/07 21:52:55 Extracting types for package gopkg.in/yaml.v3.
2025/11/07 21:52:55 Done extracting types for package gopkg.in/yaml.v3.
2025/11/07 21:52:55 Processing package github.com/gin-gonic/gin/binding.
2025/11/07 21:52:55 Extracting types for package github.com/gin-gonic/gin/binding.
2025/11/07 21:52:55 Done extracting types for package github.com/gin-gonic/gin/binding.
2025/11/07 21:52:55 Processing package github.com/gin-gonic/gin/render.
2025/11/07 21:52:55 Extracting types for package github.com/gin-gonic/gin/render.
2025/11/07 21:52:55 Done extracting types for package github.com/gin-gonic/gin/render.
2025/11/07 21:52:55 Processing package golang.org/x/sys/unix.
2025/11/07 21:52:55 Extracting types for package golang.org/x/sys/unix.
2025/11/07 21:52:55 Done extracting types for package golang.org/x/sys/unix.
2025/11/07 21:52:55 Processing package github.com/mattn/go-isatty.
2025/11/07 21:52:55 Extracting types for package github.com/mattn/go-isatty.
2025/11/07 21:52:55 Done extracting types for package github.com/mattn/go-isatty.
2025/11/07 21:52:55 Processing package golang.org/x/text/transform.
2025/11/07 21:52:55 Extracting types for package golang.org/x/text/transform.
2025/11/07 21:52:55 Done extracting types for package golang.org/x/text/transform.
2025/11/07 21:52:55 Processing package golang.org/x/text/unicode/bidi.
2025/11/07 21:52:55 Extracting types for package golang.org/x/text/unicode/bidi.
2025/11/07 21:52:55 Done extracting types for package golang.org/x/text/unicode/bidi.
2025/11/07 21:52:55 Processing package golang.org/x/text/secure/bidirule.
2025/11/07 21:52:55 Extracting types for package golang.org/x/text/secure/bidirule.
2025/11/07 21:52:55 Done extracting types for package golang.org/x/text/secure/bidirule.
2025/11/07 21:52:55 Processing package golang.org/x/text/unicode/norm.
2025/11/07 21:52:55 Extracting types for package golang.org/x/text/unicode/norm.
2025/11/07 21:52:55 Done extracting types for package golang.org/x/text/unicode/norm.
2025/11/07 21:52:55 Processing package golang.org/x/net/idna.
2025/11/07 21:52:55 Extracting types for package golang.org/x/net/idna.
2025/11/07 21:52:55 Done extracting types for package golang.org/x/net/idna.
2025/11/07 21:52:55 Processing package golang.org/x/net/http/httpguts.
2025/11/07 21:52:55 Extracting types for package golang.org/x/net/http/httpguts.
2025/11/07 21:52:55 Done extracting types for package golang.org/x/net/http/httpguts.
2025/11/07 21:52:55 Processing package golang.org/x/net/http2/hpack.
2025/11/07 21:52:55 Extracting types for package golang.org/x/net/http2/hpack.
2025/11/07 21:52:55 Done extracting types for package golang.org/x/net/http2/hpack.
2025/11/07 21:52:55 Processing package golang.org/x/net/http2.
2025/11/07 21:52:55 Extracting types for package golang.org/x/net/http2.
2025/11/07 21:52:55 Done extracting types for package golang.org/x/net/http2.
2025/11/07 21:52:55 Processing package golang.org/x/net/http2/h2c.
2025/11/07 21:52:55 Extracting types for package golang.org/x/net/http2/h2c.
2025/11/07 21:52:55 Done extracting types for package golang.org/x/net/http2/h2c.
2025/11/07 21:52:55 Processing package net/http/httputil.
2025/11/07 21:52:55 Extracting types for package net/http/httputil.
2025/11/07 21:52:55 Done extracting types for package net/http/httputil.
2025/11/07 21:52:55 Processing package github.com/gin-gonic/gin.
2025/11/07 21:52:55 Extracting types for package github.com/gin-gonic/gin.
2025/11/07 21:52:55 Done extracting types for package github.com/gin-gonic/gin.
2025/11/07 21:52:55 Processing package filippo.io/edwards25519/field.
2025/11/07 21:52:55 Extracting types for package filippo.io/edwards25519/field.
2025/11/07 21:52:55 Done extracting types for package filippo.io/edwards25519/field.
2025/11/07 21:52:55 Processing package filippo.io/edwards25519.
2025/11/07 21:52:55 Extracting types for package filippo.io/edwards25519.
2025/11/07 21:52:55 Done extracting types for package filippo.io/edwards25519.
2025/11/07 21:52:55 Processing package github.com/go-sql-driver/mysql.
2025/11/07 21:52:55 Extracting types for package github.com/go-sql-driver/mysql.
2025/11/07 21:52:55 Done extracting types for package github.com/go-sql-driver/mysql.
2025/11/07 21:52:55 Processing package github.com/golang-jwt/jwt/v5.
2025/11/07 21:52:55 Extracting types for package github.com/golang-jwt/jwt/v5.
2025/11/07 21:52:55 Done extracting types for package github.com/golang-jwt/jwt/v5.
2025/11/07 21:52:55 Processing package os/exec.
2025/11/07 21:52:55 Extracting types for package os/exec.
2025/11/07 21:52:55 Done extracting types for package os/exec.
2025/11/07 21:52:55 Processing package github.com/example/golang-banking-gin-alpine.
2025/11/07 21:52:55 Extracting types for package github.com/example/golang-banking-gin-alpine.
2025/11/07 21:52:55 Done extracting types for package github.com/example/golang-banking-gin-alpine.
2025/11/07 21:52:55 Done processing dependencies.
2025/11/07 21:52:55 Starting to extract packages.
2025/11/07 21:52:55 Skipping dependency package internal/goarch.
2025/11/07 21:52:55 Skipping dependency package unsafe.
2025/11/07 21:52:55 Skipping dependency package internal/abi.
2025/11/07 21:52:55 Skipping dependency package internal/unsafeheader.
2025/11/07 21:52:55 Skipping dependency package internal/cpu.
2025/11/07 21:52:55 Skipping dependency package internal/bytealg.
2025/11/07 21:52:55 Skipping dependency package internal/byteorder.
2025/11/07 21:52:55 Skipping dependency package internal/chacha8rand.
2025/11/07 21:52:55 Skipping dependency package internal/coverage/rtcov.
2025/11/07 21:52:55 Skipping dependency package internal/godebugs.
2025/11/07 21:52:55 Skipping dependency package internal/goexperiment.
2025/11/07 21:52:55 Skipping dependency package internal/goos.
2025/11/07 21:52:55 Skipping dependency package internal/profilerecord.
2025/11/07 21:52:55 Skipping dependency package internal/runtime/atomic.
2025/11/07 21:52:55 Skipping dependency package internal/runtime/exithook.
2025/11/07 21:52:55 Skipping dependency package internal/runtime/gc.
2025/11/07 21:52:55 Skipping dependency package internal/asan.
2025/11/07 21:52:55 Skipping dependency package internal/msan.
2025/11/07 21:52:55 Skipping dependency package internal/race.
2025/11/07 21:52:55 Skipping dependency package internal/runtime/math.
2025/11/07 21:52:55 Skipping dependency package internal/runtime/sys.
2025/11/07 21:52:55 Skipping dependency package internal/runtime/maps.
2025/11/07 21:52:55 Skipping dependency package internal/runtime/strconv.
2025/11/07 21:52:55 Skipping dependency package internal/stringslite.
2025/11/07 21:52:55 Skipping dependency package internal/trace/tracev2.
2025/11/07 21:52:55 Skipping dependency package runtime.
2025/11/07 21:52:55 Skipping dependency package internal/reflectlite.
2025/11/07 21:52:55 Skipping dependency package errors.
2025/11/07 21:52:55 Skipping dependency package sync/atomic.
2025/11/07 21:52:55 Skipping dependency package internal/sync.
2025/11/07 21:52:55 Skipping dependency package internal/synctest.
2025/11/07 21:52:55 Skipping dependency package sync.
2025/11/07 21:52:55 Skipping dependency package io.
2025/11/07 21:52:55 Skipping dependency package iter.
2025/11/07 21:52:55 Skipping dependency package math/bits.
2025/11/07 21:52:55 Skipping dependency package unicode.
2025/11/07 21:52:55 Skipping dependency package unicode/utf8.
2025/11/07 21:52:55 Skipping dependency package bytes.
2025/11/07 21:52:55 Skipping dependency package internal/bisect.
2025/11/07 21:52:55 Skipping dependency package internal/godebug.
2025/11/07 21:52:55 Skipping dependency package crypto/internal/fips140deps/godebug.
2025/11/07 21:52:55 Skipping dependency package strings.
2025/11/07 21:52:55 Skipping dependency package crypto/internal/fips140.
2025/11/07 21:52:55 Skipping dependency package crypto/internal/fips140/alias.
2025/11/07 21:52:55 Skipping dependency package crypto/internal/fips140deps/byteorder.
2025/11/07 21:52:55 Skipping dependency package crypto/internal/fips140deps/cpu.
2025/11/07 21:52:55 Skipping dependency package crypto/internal/impl.
2025/11/07 21:52:55 Skipping dependency package hash.
2025/11/07 21:52:55 Skipping dependency package crypto/internal/fips140/sha256.
2025/11/07 21:52:55 Skipping dependency package crypto/internal/fips140/subtle.
2025/11/07 21:52:55 Skipping dependency package crypto/internal/fips140/sha3.
2025/11/07 21:52:55 Skipping dependency package crypto/internal/fips140/sha512.
2025/11/07 21:52:55 Skipping dependency package crypto/internal/fips140/hmac.
2025/11/07 21:52:55 Skipping dependency package crypto/internal/fips140/check.
2025/11/07 21:52:55 Skipping dependency package math.
2025/11/07 21:52:55 Skipping dependency package strconv.
2025/11/07 21:52:55 Skipping dependency package crypto/internal/fips140/aes.
2025/11/07 21:52:55 Skipping dependency package internal/itoa.
2025/11/07 21:52:55 Skipping dependency package internal/oserror.
2025/11/07 21:52:55 Skipping dependency package syscall.
2025/11/07 21:52:55 Skipping dependency package internal/syscall/unix.
2025/11/07 21:52:55 Skipping dependency package path.
2025/11/07 21:52:55 Skipping dependency package cmp.
2025/11/07 21:52:55 Skipping dependency package slices.
2025/11/07 21:52:55 Skipping dependency package time.
2025/11/07 21:52:55 Skipping dependency package io/fs.
2025/11/07 21:52:55 Skipping dependency package internal/filepathlite.
2025/11/07 21:52:55 Skipping dependency package internal/poll.
2025/11/07 21:52:55 Skipping dependency package internal/syscall/execenv.
2025/11/07 21:52:55 Skipping dependency package internal/testlog.
2025/11/07 21:52:55 Skipping dependency package os.
2025/11/07 21:52:55 Skipping dependency package crypto/internal/sysrand.
2025/11/07 21:52:55 Skipping dependency package crypto/internal/entropy.
2025/11/07 21:52:55 Skipping dependency package math/rand/v2.
2025/11/07 21:52:55 Skipping dependency package crypto/internal/randutil.
2025/11/07 21:52:55 Skipping dependency package crypto/internal/fips140/drbg.
2025/11/07 21:52:55 Skipping dependency package crypto/internal/fips140/aes/gcm.
2025/11/07 21:52:55 Skipping dependency package crypto/internal/fips140only.
2025/11/07 21:52:55 Skipping dependency package crypto/subtle.
2025/11/07 21:52:55 Skipping dependency package crypto/cipher.
2025/11/07 21:52:55 Skipping dependency package crypto.
2025/11/07 21:52:55 Skipping dependency package crypto/internal/boring/sig.
2025/11/07 21:52:55 Skipping dependency package crypto/internal/boring.
2025/11/07 21:52:55 Skipping dependency package crypto/aes.
2025/11/07 21:52:55 Skipping dependency package crypto/md5.
2025/11/07 21:52:55 Skipping dependency package context.
2025/11/07 21:52:55 Skipping dependency package reflect.
2025/11/07 21:52:55 Skipping dependency package internal/fmtsort.
2025/11/07 21:52:55 Skipping dependency package fmt.
2025/11/07 21:52:55 Skipping dependency package database/sql/driver.
2025/11/07 21:52:55 Skipping dependency package maps.
2025/11/07 21:52:55 Skipping dependency package database/sql.
2025/11/07 21:52:55 Skipping dependency package encoding/hex.
2025/11/07 21:52:55 Skipping dependency package bufio.
2025/11/07 21:52:55 Skipping dependency package encoding/base64.
2025/11/07 21:52:55 Skipping dependency package encoding.
2025/11/07 21:52:55 Skipping dependency package encoding/xml.
2025/11/07 21:52:55 Skipping dependency package flag.
2025/11/07 21:52:55 Skipping dependency package unicode/utf16.
2025/11/07 21:52:55 Skipping dependency package encoding/json.
2025/11/07 21:52:55 Skipping dependency package io/ioutil.
2025/11/07 21:52:55 Skipping dependency package sort.
2025/11/07 21:52:55 Skipping dependency package compress/flate.
2025/11/07 21:52:55 Skipping dependency package encoding/binary.
2025/11/07 21:52:55 Skipping dependency package hash/crc32.
2025/11/07 21:52:55 Skipping dependency package compress/gzip.
2025/11/07 21:52:55 Skipping dependency package container/list.
2025/11/07 21:52:55 Skipping dependency package math/rand.
2025/11/07 21:52:55 Skipping dependency package math/big.
2025/11/07 21:52:55 Skipping dependency package crypto/rand.
2025/11/07 21:52:55 Skipping dependency package crypto/des.
2025/11/07 21:52:55 Skipping dependency package crypto/internal/fips140/nistec/fiat.
2025/11/07 21:52:55 Skipping dependency package crypto/internal/fips140/nistec.
2025/11/07 21:52:55 Skipping dependency package crypto/internal/fips140/ecdh.
2025/11/07 21:52:55 Skipping dependency package crypto/internal/fips140/edwards25519/field.
2025/11/07 21:52:55 Skipping dependency package crypto/ecdh.
2025/11/07 21:52:55 Skipping dependency package crypto/elliptic.
2025/11/07 21:52:55 Skipping dependency package crypto/internal/boring/bbig.
2025/11/07 21:52:55 Skipping dependency package crypto/internal/fips140/bigmod.
2025/11/07 21:52:55 Skipping dependency package crypto/internal/fips140/ecdsa.
2025/11/07 21:52:55 Skipping dependency package weak.
2025/11/07 21:52:55 Skipping dependency package crypto/internal/fips140cache.
2025/11/07 21:52:55 Skipping dependency package crypto/sha3.
2025/11/07 21:52:55 Skipping dependency package crypto/internal/fips140hash.
2025/11/07 21:52:55 Skipping dependency package crypto/sha512.
2025/11/07 21:52:55 Skipping dependency package internal/saferio.
2025/11/07 21:52:55 Skipping dependency package encoding/asn1.
2025/11/07 21:52:55 Skipping dependency package vendor/golang.org/x/crypto/cryptobyte/asn1.
2025/11/07 21:52:55 Skipping dependency package vendor/golang.org/x/crypto/cryptobyte.
2025/11/07 21:52:55 Skipping dependency package crypto/ecdsa.
2025/11/07 21:52:55 Skipping dependency package crypto/internal/fips140/edwards25519.
2025/11/07 21:52:55 Skipping dependency package crypto/internal/fips140/ed25519.
2025/11/07 21:52:55 Skipping dependency package crypto/ed25519.
2025/11/07 21:52:55 Skipping dependency package crypto/internal/fips140/hkdf.
2025/11/07 21:52:55 Skipping dependency package crypto/hkdf.
2025/11/07 21:52:55 Skipping dependency package crypto/hmac.
2025/11/07 21:52:55 Skipping dependency package crypto/internal/fips140/mlkem.
2025/11/07 21:52:55 Skipping dependency package crypto/internal/fips140/tls12.
2025/11/07 21:52:55 Skipping dependency package crypto/internal/fips140/tls13.
2025/11/07 21:52:55 Skipping dependency package vendor/golang.org/x/crypto/internal/alias.
2025/11/07 21:52:55 Skipping dependency package vendor/golang.org/x/crypto/chacha20.
2025/11/07 21:52:55 Skipping dependency package vendor/golang.org/x/crypto/internal/poly1305.
2025/11/07 21:52:55 Skipping dependency package vendor/golang.org/x/crypto/chacha20poly1305.
2025/11/07 21:52:55 Skipping dependency package crypto/internal/hpke.
2025/11/07 21:52:55 Skipping dependency package crypto/rc4.
2025/11/07 21:52:55 Skipping dependency package crypto/internal/fips140/rsa.
2025/11/07 21:52:55 Skipping dependency package crypto/rsa.
2025/11/07 21:52:55 Skipping dependency package crypto/sha1.
2025/11/07 21:52:55 Skipping dependency package crypto/sha256.
2025/11/07 21:52:55 Skipping dependency package crypto/fips140.
2025/11/07 21:52:55 Skipping dependency package crypto/tls/internal/fips140tls.
2025/11/07 21:52:55 Skipping dependency package crypto/dsa.
2025/11/07 21:52:55 Skipping dependency package crypto/x509/internal/macos.
2025/11/07 21:52:55 Skipping dependency package crypto/x509/pkix.
2025/11/07 21:52:55 Skipping dependency package encoding/pem.
2025/11/07 21:52:55 Skipping dependency package vendor/golang.org/x/net/dns/dnsmessage.
2025/11/07 21:52:55 Skipping dependency package internal/nettrace.
2025/11/07 21:52:55 Skipping dependency package unique.
2025/11/07 21:52:55 Skipping dependency package net/netip.
2025/11/07 21:52:55 Skipping dependency package internal/routebsd.
2025/11/07 21:52:55 Skipping dependency package internal/singleflight.
2025/11/07 21:52:55 Skipping dependency package net.
2025/11/07 21:52:55 Skipping dependency package net/url.
2025/11/07 21:52:55 Skipping dependency package crypto/x509.
2025/11/07 21:52:55 Skipping dependency package crypto/tls.
2025/11/07 21:52:55 Skipping dependency package vendor/golang.org/x/text/transform.
2025/11/07 21:52:55 Skipping dependency package log/internal.
2025/11/07 21:52:55 Skipping dependency package log.
2025/11/07 21:52:55 Skipping dependency package vendor/golang.org/x/text/unicode/bidi.
2025/11/07 21:52:55 Skipping dependency package vendor/golang.org/x/text/secure/bidirule.
2025/11/07 21:52:55 Skipping dependency package vendor/golang.org/x/text/unicode/norm.
2025/11/07 21:52:55 Skipping dependency package vendor/golang.org/x/net/idna.
2025/11/07 21:52:55 Skipping dependency package net/textproto.
2025/11/07 21:52:55 Skipping dependency package vendor/golang.org/x/net/http/httpguts.
2025/11/07 21:52:55 Skipping dependency package vendor/golang.org/x/net/http/httpproxy.
2025/11/07 21:52:55 Skipping dependency package vendor/golang.org/x/net/http2/hpack.
2025/11/07 21:52:55 Skipping dependency package mime.
2025/11/07 21:52:55 Skipping dependency package mime/quotedprintable.
2025/11/07 21:52:55 Skipping dependency package path/filepath.
2025/11/07 21:52:55 Skipping dependency package mime/multipart.
2025/11/07 21:52:55 Skipping dependency package net/http/httptrace.
2025/11/07 21:52:55 Skipping dependency package net/http/internal.
2025/11/07 21:52:55 Skipping dependency package net/http/internal/ascii.
2025/11/07 21:52:55 Skipping dependency package net/http/internal/httpcommon.
2025/11/07 21:52:55 Skipping dependency package net/http.
2025/11/07 21:52:55 Skipping dependency package github.com/gin-contrib/sse.
2025/11/07 21:52:55 Skipping dependency package github.com/gin-gonic/gin/internal/bytesconv.
2025/11/07 21:52:55 Skipping dependency package github.com/gin-gonic/gin/internal/json.
2025/11/07 21:52:55 Skipping dependency package golang.org/x/net/html/atom.
2025/11/07 21:52:55 Skipping dependency package golang.org/x/net/html.
2025/11/07 21:52:55 Skipping dependency package github.com/gabriel-vasile/mimetype/internal/charset.
2025/11/07 21:52:55 Skipping dependency package hash/adler32.
2025/11/07 21:52:55 Skipping dependency package compress/zlib.
2025/11/07 21:52:55 Skipping dependency package debug/dwarf.
2025/11/07 21:52:55 Skipping dependency package debug/macho.
2025/11/07 21:52:55 Skipping dependency package encoding/csv.
2025/11/07 21:52:55 Skipping dependency package github.com/gabriel-vasile/mimetype/internal/json.
2025/11/07 21:52:55 Skipping dependency package github.com/gabriel-vasile/mimetype/internal/magic.
2025/11/07 21:52:55 Skipping dependency package github.com/gabriel-vasile/mimetype.
2025/11/07 21:52:55 Skipping dependency package github.com/go-playground/locales/currency.
2025/11/07 21:52:55 Skipping dependency package github.com/go-playground/locales.
2025/11/07 21:52:55 Skipping dependency package github.com/go-playground/universal-translator.
2025/11/07 21:52:55 Skipping dependency package github.com/leodido/go-urn/scim/schema.
2025/11/07 21:52:55 Skipping dependency package github.com/leodido/go-urn.
2025/11/07 21:52:55 Skipping dependency package golang.org/x/crypto/sha3.
2025/11/07 21:52:55 Skipping dependency package golang.org/x/text/internal/tag.
2025/11/07 21:52:55 Skipping dependency package golang.org/x/text/internal/language.
2025/11/07 21:52:55 Skipping dependency package golang.org/x/text/internal/language/compact.
2025/11/07 21:52:55 Skipping dependency package golang.org/x/text/language.
2025/11/07 21:52:55 Skipping dependency package regexp/syntax.
2025/11/07 21:52:55 Skipping dependency package regexp.
2025/11/07 21:52:55 Skipping dependency package github.com/go-playground/validator/v10.
2025/11/07 21:52:55 Skipping dependency package github.com/pelletier/go-toml/v2/internal/characters.
2025/11/07 21:52:55 Skipping dependency package github.com/pelletier/go-toml/v2/internal/danger.
2025/11/07 21:52:55 Skipping dependency package github.com/pelletier/go-toml/v2/unstable.
2025/11/07 21:52:55 Skipping dependency package github.com/pelletier/go-toml/v2/internal/tracker.
2025/11/07 21:52:55 Skipping dependency package github.com/pelletier/go-toml/v2.
2025/11/07 21:52:55 Skipping dependency package encoding/gob.
2025/11/07 21:52:55 Skipping dependency package go/token.
2025/11/07 21:52:55 Skipping dependency package html.
2025/11/07 21:52:55 Skipping dependency package text/template/parse.
2025/11/07 21:52:55 Skipping dependency package text/template.
2025/11/07 21:52:55 Skipping dependency package html/template.
2025/11/07 21:52:55 Skipping dependency package net/rpc.
2025/11/07 21:52:55 Skipping dependency package github.com/ugorji/go/codec.
2025/11/07 21:52:55 Skipping dependency package hash/fnv.
2025/11/07 21:52:55 Skipping dependency package google.golang.org/protobuf/internal/detrand.
2025/11/07 21:52:55 Skipping dependency package google.golang.org/protobuf/internal/errors.
2025/11/07 21:52:55 Skipping dependency package google.golang.org/protobuf/encoding/protowire.
2025/11/07 21:52:55 Skipping dependency package google.golang.org/protobuf/internal/pragma.
2025/11/07 21:52:55 Skipping dependency package google.golang.org/protobuf/reflect/protoreflect.
2025/11/07 21:52:55 Skipping dependency package google.golang.org/protobuf/internal/encoding/messageset.
2025/11/07 21:52:55 Skipping dependency package google.golang.org/protobuf/internal/flags.
2025/11/07 21:52:55 Skipping dependency package google.golang.org/protobuf/internal/genid.
2025/11/07 21:52:55 Skipping dependency package google.golang.org/protobuf/internal/order.
2025/11/07 21:52:55 Skipping dependency package google.golang.org/protobuf/internal/strs.
2025/11/07 21:52:55 Skipping dependency package google.golang.org/protobuf/reflect/protoregistry.
2025/11/07 21:52:55 Skipping dependency package google.golang.org/protobuf/runtime/protoiface.
2025/11/07 21:52:55 Skipping dependency package google.golang.org/protobuf/proto.
2025/11/07 21:52:55 Skipping dependency package gopkg.in/yaml.v3.
2025/11/07 21:52:55 Skipping dependency package github.com/gin-gonic/gin/binding.
2025/11/07 21:52:55 Skipping dependency package github.com/gin-gonic/gin/render.
2025/11/07 21:52:55 Skipping dependency package golang.org/x/sys/unix.
2025/11/07 21:52:55 Skipping dependency package github.com/mattn/go-isatty.
2025/11/07 21:52:55 Skipping dependency package golang.org/x/text/transform.
2025/11/07 21:52:55 Skipping dependency package golang.org/x/text/unicode/bidi.
2025/11/07 21:52:55 Skipping dependency package golang.org/x/text/secure/bidirule.
2025/11/07 21:52:55 Skipping dependency package golang.org/x/text/unicode/norm.
2025/11/07 21:52:55 Skipping dependency package golang.org/x/net/idna.
2025/11/07 21:52:55 Skipping dependency package golang.org/x/net/http/httpguts.
2025/11/07 21:52:55 Skipping dependency package golang.org/x/net/http2/hpack.
2025/11/07 21:52:55 Skipping dependency package golang.org/x/net/http2.
2025/11/07 21:52:55 Skipping dependency package golang.org/x/net/http2/h2c.
2025/11/07 21:52:55 Skipping dependency package net/http/httputil.
2025/11/07 21:52:55 Skipping dependency package github.com/gin-gonic/gin.
2025/11/07 21:52:55 Skipping dependency package filippo.io/edwards25519/field.
2025/11/07 21:52:55 Skipping dependency package filippo.io/edwards25519.
2025/11/07 21:52:55 Skipping dependency package github.com/go-sql-driver/mysql.
2025/11/07 21:52:55 Skipping dependency package github.com/golang-jwt/jwt/v5.
2025/11/07 21:52:55 Skipping dependency package os/exec.
2025/11/07 21:52:55 Extracting /Users/hasanbasri/Documents/Pribadi/Binus-Center-Project/2025/HanaBank/praktikum/go.mod
2025/11/07 21:52:55 Extracting /Users/hasanbasri/Documents/Pribadi/Binus-Center-Project/2025/HanaBank/praktikum/main.go
2025/11/07 21:52:55 Done extracting /Users/hasanbasri/Documents/Pribadi/Binus-Center-Project/2025/HanaBank/praktikum/go.mod (1ms)
2025/11/07 21:52:55 Done extracting /Users/hasanbasri/Documents/Pribadi/Binus-Center-Project/2025/HanaBank/praktikum/main.go (57ms)
2025/11/07 21:52:55 Done extracting packages.
[T 14:52:55 33057] Extractor /opt/homebrew/Caskroom/codeql/2.23.3/codeql/go/tools/osx64/go-extractor terminated with exit code 0.
[T 14:52:55 33159] Initializing tracer.
[T 14:52:55 33159] Initializing tags.
[T 14:52:55 33159] ID set to 0000000000008187_0000000000000001 (parent 0000000000008121_0000000000000003)
[T 14:52:55 33159] ==== Candidate to intercept: /opt/homebrew/Cellar/go/1.25.3/libexec/pkg/tool/darwin_arm64/compile (canonical: /opt/homebrew/Cellar/go/1.25.3/libexec/pkg/tool/darwin_arm64/compile) ====
[T 14:52:55 33159] Executing the following tracer actions:
[T 14:52:55 33159] Tracer actions:
[T 14:52:55 33159] pre_invocations(0)
[T 14:52:55 33159] post_invocations(0)
[T 14:52:55 33159] trace_languages(1): [go]
[T 14:52:55 33160] Initializing tracer.
[T 14:52:55 33160] Initializing tags.
[T 14:52:55 33160] ID set to 0000000000008188_0000000000000001 (parent 0000000000008121_0000000000000003)
[T 14:52:55 33160] ==== Candidate to intercept: /opt/homebrew/Cellar/go/1.25.3/libexec/pkg/tool/darwin_arm64/asm (canonical: /opt/homebrew/Cellar/go/1.25.3/libexec/pkg/tool/darwin_arm64/asm) ====
[T 14:52:55 33160] Executing the following tracer actions:
[T 14:52:55 33160] Tracer actions:
[T 14:52:55 33160] pre_invocations(0)
[T 14:52:55 33160] post_invocations(0)
[T 14:52:55 33160] trace_languages(1): [go]
[T 14:52:55 33161] Initializing tracer.
[T 14:52:55 33161] Initializing tags.
[T 14:52:55 33161] ID set to 0000000000008189_0000000000000001 (parent 0000000000008121_0000000000000003)
[T 14:52:55 33161] ==== Candidate to intercept: /opt/homebrew/Cellar/go/1.25.3/libexec/pkg/tool/darwin_arm64/link (canonical: /opt/homebrew/Cellar/go/1.25.3/libexec/pkg/tool/darwin_arm64/link) ====
[T 14:52:55 33161] Executing the following tracer actions:
[T 14:52:55 33161] Tracer actions:
[T 14:52:55 33161] pre_invocations(0)
[T 14:52:55 33161] post_invocations(0)
[T 14:52:55 33161] trace_languages(1): [go]
[T 14:52:55 33162] Initializing tracer.
[T 14:52:55 33162] Initializing tags.
[T 14:52:55 33162] ID set to 000000000000818A_0000000000000001 (parent 0000000000008121_0000000000000003)
[T 14:52:55 33162] ==== Candidate to intercept: /opt/homebrew/Cellar/go/1.25.3/libexec/pkg/tool/darwin_arm64/link (canonical: /opt/homebrew/Cellar/go/1.25.3/libexec/pkg/tool/darwin_arm64/link) ====
[T 14:52:55 33162] Executing the following tracer actions:
[T 14:52:55 33162] Tracer actions:
[T 14:52:55 33162] pre_invocations(0)
[T 14:52:55 33162] post_invocations(0)
[T 14:52:55 33162] trace_languages(1): [go]
