[2025-11-07 21:52:41] This is codeql database create codeql-db-go --language=go --source-root . --command=go build ./...
[2025-11-07 21:52:41] Log file was started late.
[2025-11-07 21:52:41] [PROGRESS] database create> Initializing database at /Users/hasanbasri/Documents/Pribadi/Binus-Center-Project/2025/HanaBank/praktikum/codeql-db-go.
[2025-11-07 21:52:42] Running plumbing command: codeql database init --language=go --extractor-options-verbosity=1 --qlconfig-file=/Users/hasanbasri/Documents/Pribadi/Binus-Center-Project/2025/HanaBank/praktikum/qlconfig.yml --source-root=/Users/hasanbasri/Documents/Pribadi/Binus-Center-Project/2025/HanaBank/praktikum --allow-missing-source-root=false --allow-already-existing -- /Users/hasanbasri/Documents/Pribadi/Binus-Center-Project/2025/HanaBank/praktikum/codeql-db-go
[2025-11-07 21:52:42] Calling plumbing command: codeql resolve languages --extractor-options-verbosity=1 --format=betterjson
[2025-11-07 21:52:42] [DETAILS] resolve languages> Scanning for [codeql-extractor.yml] from /opt/homebrew/Caskroom/codeql/2.23.3/codeql/.codeqlmanifest.json
[2025-11-07 21:52:42] [DETAILS] resolve languages> Parsing /opt/homebrew/Caskroom/codeql/2.23.3/codeql/go/codeql-extractor.yml.
[2025-11-07 21:52:42] [DETAILS] resolve languages> Parsing /opt/homebrew/Caskroom/codeql/2.23.3/codeql/python/codeql-extractor.yml.
[2025-11-07 21:52:42] [DETAILS] resolve languages> Parsing /opt/homebrew/Caskroom/codeql/2.23.3/codeql/rust/codeql-extractor.yml.
[2025-11-07 21:52:42] [DETAILS] resolve languages> Parsing /opt/homebrew/Caskroom/codeql/2.23.3/codeql/java/codeql-extractor.yml.
[2025-11-07 21:52:42] [DETAILS] resolve languages> Parsing /opt/homebrew/Caskroom/codeql/2.23.3/codeql/html/codeql-extractor.yml.
[2025-11-07 21:52:42] [DETAILS] resolve languages> Parsing /opt/homebrew/Caskroom/codeql/2.23.3/codeql/xml/codeql-extractor.yml.
[2025-11-07 21:52:42] [DETAILS] resolve languages> Parsing /opt/homebrew/Caskroom/codeql/2.23.3/codeql/properties/codeql-extractor.yml.
[2025-11-07 21:52:42] [DETAILS] resolve languages> Parsing /opt/homebrew/Caskroom/codeql/2.23.3/codeql/cpp/codeql-extractor.yml.
[2025-11-07 21:52:42] [DETAILS] resolve languages> Parsing /opt/homebrew/Caskroom/codeql/2.23.3/codeql/swift/codeql-extractor.yml.
[2025-11-07 21:52:42] [DETAILS] resolve languages> Parsing /opt/homebrew/Caskroom/codeql/2.23.3/codeql/csv/codeql-extractor.yml.
[2025-11-07 21:52:42] [DETAILS] resolve languages> Parsing /opt/homebrew/Caskroom/codeql/2.23.3/codeql/actions/codeql-extractor.yml.
[2025-11-07 21:52:42] [DETAILS] resolve languages> Parsing /opt/homebrew/Caskroom/codeql/2.23.3/codeql/yaml/codeql-extractor.yml.
[2025-11-07 21:52:42] [DETAILS] resolve languages> Parsing /opt/homebrew/Caskroom/codeql/2.23.3/codeql/csharp/codeql-extractor.yml.
[2025-11-07 21:52:42] [DETAILS] resolve languages> Parsing /opt/homebrew/Caskroom/codeql/2.23.3/codeql/javascript/codeql-extractor.yml.
[2025-11-07 21:52:42] [DETAILS] resolve languages> Parsing /opt/homebrew/Caskroom/codeql/2.23.3/codeql/ruby/codeql-extractor.yml.
[2025-11-07 21:52:42] Plumbing command codeql resolve languages completed:
                      {
                        "aliases" : {
                          "c" : "cpp",
                          "c++" : "cpp",
                          "c-c++" : "cpp",
                          "c-cpp" : "cpp",
                          "c#" : "csharp",
                          "java-kotlin" : "java",
                          "kotlin" : "java",
                          "javascript-typescript" : "javascript",
                          "typescript" : "javascript"
                        },
                        "extractors" : {
                          "go" : [
                            {
                              "extractor_root" : "/opt/homebrew/Caskroom/codeql/2.23.3/codeql/go",
                              "extractor_options" : {
                                "extract_tests" : {
                                  "title" : "Whether to include Go test files in the CodeQL database.",
                                  "description" : "A value indicating whether Go test files should be included in the CodeQL database. The default is 'false'.\n",
                                  "type" : "string",
                                  "pattern" : "^(false|true)$"
                                },
                                "extract_vendor_dirs" : {
                                  "title" : "Whether to include Go vendor directories in the CodeQL database.",
                                  "description" : "A value indicating whether Go vendor directories should be included in the CodeQL database. The default is 'false'.\n",
                                  "type" : "string",
                                  "pattern" : "^(false|true)$"
                                }
                              }
                            }
                          ],
                          "python" : [
                            {
                              "extractor_root" : "/opt/homebrew/Caskroom/codeql/2.23.3/codeql/python",
                              "extractor_options" : {
                                "logging" : {
                                  "title" : "Options pertaining to logging.",
                                  "description" : "Options pertaining to logging.",
                                  "type" : "object",
                                  "properties" : {
                                    "verbosity" : {
                                      "title" : "Python extractor logging verbosity level.",
                                      "description" : "Controls the level of verbosity of the CodeQL Python extractor.\nThe supported levels are (in order of increasing verbosity):\n\n  - off\n  - errors\n  - warnings\n  - info or progress\n  - debug or progress+\n  - trace or progress++\n  - progress+++\n",
                                      "type" : "string",
                                      "pattern" : "^(off|errors|warnings|(info|progress)|(debug|progress\\+)|(trace|progress\\+\\+)|progress\\+\\+\\+)$"
                                    }
                                  }
                                },
                                "python_executable_name" : {
                                  "title" : "Controls the name of the Python executable used by the Python extractor.",
                                  "description" : "The Python extractor uses platform-dependent heuristics to determine the name of the Python executable to use. Specifying a value for this option overrides the name of the Python executable used by the extractor. Accepted values are py, python and python3. Use this setting with caution, the Python extractor requires Python 3 to run.\n",
                                  "type" : "string",
                                  "pattern" : "^(py|python|python3)$"
                                }
                              }
                            }
                          ],
                          "rust" : [
                            {
                              "extractor_root" : "/opt/homebrew/Caskroom/codeql/2.23.3/codeql/rust",
                              "extractor_options" : {
                                "trap" : {
                                  "title" : "Options pertaining to TRAP.",
                                  "description" : "Options pertaining to TRAP.",
                                  "type" : "object",
                                  "properties" : {
                                    "compression" : {
                                      "title" : "Controls compression for the TRAP files written by the extractor.",
                                      "description" : "This option is only intended for use in debugging the extractor. Accepted values are 'gzip' (to write gzip-compressed TRAP) 'zstd' (to write Zstandard-compressed TRAP) and 'none' (the default, to write uncompressed TRAP).\n",
                                      "type" : "string",
                                      "pattern" : "^(none|gzip|zstd)$"
                                    }
                                  }
                                },
                                "cargo_target_dir" : {
                                  "title" : "Directory to use for cargo output files.",
                                  "description" : "This value is an optional path to use as `CARGO_TARGET_DIR` for the internal cargo commands the extractor uses. Pointing it to a persistent directory may reduce execution time of consecutive extractor runs. By default, a new scratch directory is used for each run.\n",
                                  "type" : "string"
                                },
                                "cargo_target" : {
                                  "title" : "Target architecture",
                                  "description" : "Target architecture to use for analysis, analogous to `cargo --target`. By default the host architecture is used.\n",
                                  "type" : "string"
                                },
                                "cargo_features" : {
                                  "title" : "Cargo features to turn on",
                                  "description" : "Comma-separated list of features to turn on. By default all features are enabled. If any features are specified, then only those features are enabled. The `default` feature must be explicitly specified if only default features are desired. Can be repeated.\n",
                                  "type" : "array"
                                },
                                "cargo_cfg_overrides" : {
                                  "title" : "Cargo cfg overrides",
                                  "description" : "Comma-separated list of cfg settings to enable, or disable if prefixed with `-`. Can be repeated.\n",
                                  "type" : "array"
                                },
                                "logging" : {
                                  "title" : "Options pertaining to logging.",
                                  "description" : "Options pertaining to logging.",
                                  "type" : "object",
                                  "properties" : {
                                    "verbosity" : {
                                      "title" : "Extractor logging verbosity level.",
                                      "description" : "Controls the level of verbosity of the extractor. The supported levels are (in order of increasing verbosity):\n  - off\n  - errors\n  - warnings\n  - info or progress\n  - debug or progress+\n  - trace or progress++\n  - progress+++\n",
                                      "type" : "string",
                                      "pattern" : "^(off|errors|warnings|(info|progress)|(debug|progress\\+)|(trace|progress\\+\\+)|progress\\+\\+\\+)$"
                                    },
                                    "flamegraph" : {
                                      "title" : "[Experimental] File path for write flame graph log",
                                      "description" : "Collect flame graph data using the `tracing-flame` crate. To render a flame graph or chart, run the `inferno-flamegraph` command. See also: https://crates.io/crates/tracing-flame\n",
                                      "type" : "string"
                                    }
                                  }
                                },
                                "extract_dependencies_as_source" : {
                                  "title" : "Extract dependencies as source code",
                                  "description" : "Extract the full source code of dependencies instead of only extracting signatures.\n",
                                  "type" : "string",
                                  "pattern" : "^(false|true)$"
                                }
                              }
                            }
                          ],
                          "java" : [
                            {
                              "extractor_root" : "/opt/homebrew/Caskroom/codeql/2.23.3/codeql/java",
                              "extractor_options" : {
                                "exclude" : {
                                  "title" : "A glob excluding files from analysis.",
                                  "description" : "A glob indicating what files to exclude from the analysis. This accepts glob patterns that are supported by Java's 'getPathMatcher' implementation.\n",
                                  "type" : "string"
                                },
                                "add_prefer_source" : {
                                  "title" : "Whether to always prefer source files over class files.",
                                  "description" : "A value indicating whether source files should be preferred over class files. If set to 'true', the extraction adds '-Xprefer:source' to the javac command line. If set to 'false', the extraction uses the default javac behavior ('-Xprefer:newer'). The default is 'true'.\n",
                                  "type" : "string",
                                  "pattern" : "^(false|true)$"
                                },
                                "buildless" : {
                                  "title" : "Whether to use buildless (standalone) extraction (experimental).",
                                  "description" : "A value indicating, which type of extraction the autobuilder should perform. If 'true', then the standalone extractor will be used, otherwise tracing extraction will be performed. The default is 'false'. Note that buildless extraction will generally yield less accurate analysis results, and should only be used in cases where it is not possible to build the code (for example if it uses inaccessible dependencies).\n",
                                  "type" : "string",
                                  "pattern" : "^(false|true)$"
                                },
                                "buildless_dependency_dir" : {
                                  "title" : "The path where buildless (standalone) extraction should keep dependencies.",
                                  "description" : "If set, the buildless (standalone) extractor will store dependencies in this directory.\n",
                                  "type" : "string"
                                },
                                "minimize_dependency_jars" : {
                                  "title" : "Whether to rewrite and minimize downloaded JAR dependencies (experimental).",
                                  "description" : "If 'true', JAR dependencies downloaded during extraction will be rewritten to remove unneeded data, such as method bodies. The default is 'false'.\n",
                                  "type" : "string",
                                  "pattern" : "^(false|true)$"
                                }
                              }
                            }
                          ],
                          "html" : [
                            {
                              "extractor_root" : "/opt/homebrew/Caskroom/codeql/2.23.3/codeql/html"
                            }
                          ],
                          "xml" : [
                            {
                              "extractor_root" : "/opt/homebrew/Caskroom/codeql/2.23.3/codeql/xml"
                            }
                          ],
                          "properties" : [
                            {
                              "extractor_root" : "/opt/homebrew/Caskroom/codeql/2.23.3/codeql/properties"
                            }
                          ],
                          "cpp" : [
                            {
                              "extractor_root" : "/opt/homebrew/Caskroom/codeql/2.23.3/codeql/cpp",
                              "extractor_options" : {
                                "scale_timeouts" : {
                                  "title" : "Value to scale compiler introspection timeouts with",
                                  "description" : "The extractor attempts to determine what compiler the source code being extracted is compiled with. To this end the extractor makes additional calls to the compiler, some of which are expected to return within a certain fixed time (either 10s or 15s). On some systems that are under high load this time might be too short, and can be scaled up using this option.\n",
                                  "type" : "string",
                                  "pattern" : "[0-9]+"
                                },
                                "log_verbosity" : {
                                  "title" : "Verbosity of the extractor logging",
                                  "description" : "Set the verbosity of the extractor logging to 'quiet' (0), 'normal' (1), 'chatty' (2), or 'noisy' (3). The default is 'normal'.\n",
                                  "type" : "string",
                                  "pattern" : "[0-3]"
                                }
                              }
                            }
                          ],
                          "swift" : [
                            {
                              "extractor_root" : "/opt/homebrew/Caskroom/codeql/2.23.3/codeql/swift"
                            }
                          ],
                          "csv" : [
                            {
                              "extractor_root" : "/opt/homebrew/Caskroom/codeql/2.23.3/codeql/csv"
                            }
                          ],
                          "actions" : [
                            {
                              "extractor_root" : "/opt/homebrew/Caskroom/codeql/2.23.3/codeql/actions",
                              "extractor_options" : { }
                            }
                          ],
                          "yaml" : [
                            {
                              "extractor_root" : "/opt/homebrew/Caskroom/codeql/2.23.3/codeql/yaml"
                            }
                          ],
                          "csharp" : [
                            {
                              "extractor_root" : "/opt/homebrew/Caskroom/codeql/2.23.3/codeql/csharp",
                              "extractor_options" : {
                                "trap" : {
                                  "title" : "Options pertaining to TRAP.",
                                  "description" : "Options pertaining to TRAP.",
                                  "type" : "object",
                                  "properties" : {
                                    "compression" : {
                                      "title" : "Controls compression for the TRAP files written by the extractor.",
                                      "description" : "This option is only intended for use in debugging the extractor. Accepted values are 'brotli' (the default, to write brotli-compressed TRAP), 'gzip', and 'none' (to write uncompressed TRAP).\n",
                                      "type" : "string",
                                      "pattern" : "^(none|gzip|brotli)$"
                                    }
                                  }
                                },
                                "buildless" : {
                                  "title" : "DEPRECATED - Whether to use buildless (standalone) extraction.",
                                  "description" : "DEPRECATED: Use `--build-mode none` instead.\nA value indicating, which type of extraction the autobuilder should perform. If 'true', then the standalone extractor will be used, otherwise tracing extraction will be performed. The default is 'false'. Note that buildless extraction will generally yield less accurate analysis results, and should only be used in cases where it is not possible to build the code (for example if it uses inaccessible dependencies).\n",
                                  "type" : "string",
                                  "pattern" : "^(false|true)$"
                                },
                                "logging" : {
                                  "title" : "Options pertaining to logging.",
                                  "description" : "Options pertaining to logging.",
                                  "type" : "object",
                                  "properties" : {
                                    "verbosity" : {
                                      "title" : "Extractor logging verbosity level.",
                                      "description" : "Controls the level of verbosity of the extractor. The supported levels are (in order of increasing verbosity):\n  - off\n  - errors\n  - warnings\n  - info or progress\n  - debug or progress+\n  - trace or progress++\n  - progress+++\n",
                                      "type" : "string",
                                      "pattern" : "^(off|errors|warnings|(info|progress)|(debug|progress\\+)|(trace|progress\\+\\+)|progress\\+\\+\\+)$"
                                    }
                                  }
                                },
                                "binlog" : {
                                  "title" : "Binlog",
                                  "description" : "[EXPERIMENTAL] The value is a path to the MsBuild binary log file that should be extracted. This option only works when `--build-mode none` is also specified.\n",
                                  "type" : "array"
                                }
                              }
                            }
                          ],
                          "javascript" : [
                            {
                              "extractor_root" : "/opt/homebrew/Caskroom/codeql/2.23.3/codeql/javascript",
                              "extractor_options" : {
                                "skip_types" : {
                                  "title" : "Skip type extraction for TypeScript",
                                  "description" : "Whether to skip the extraction of types in a TypeScript application",
                                  "type" : "string",
                                  "pattern" : "^(false|true)$"
                                }
                              }
                            }
                          ],
                          "ruby" : [
                            {
                              "extractor_root" : "/opt/homebrew/Caskroom/codeql/2.23.3/codeql/ruby",
                              "extractor_options" : {
                                "trap" : {
                                  "title" : "Options pertaining to TRAP.",
                                  "description" : "Options pertaining to TRAP.",
                                  "type" : "object",
                                  "properties" : {
                                    "compression" : {
                                      "title" : "Controls compression for the TRAP files written by the extractor.",
                                      "description" : "This option is only intended for use in debugging the extractor. Accepted values are 'gzip' (the default, to write gzip-compressed TRAP) 'zstd' (to write Zstandard-compressed TRAP) and 'none' (to write uncompressed TRAP).\n",
                                      "type" : "string",
                                      "pattern" : "^(none|gzip|zstd)$"
                                    }
                                  }
                                }
                              }
                            }
                          ]
                        }
                      }
[2025-11-07 21:52:42] [PROGRESS] database init> Calculating baseline information in /Users/hasanbasri/Documents/Pribadi/Binus-Center-Project/2025/HanaBank/praktikum
[2025-11-07 21:52:42] [SPAMMY] database init> Ignoring the following directories when processing baseline information: .git, .hg, .svn.
[2025-11-07 21:52:42] [DETAILS] database init> Running command in /Users/hasanbasri/Documents/Pribadi/Binus-Center-Project/2025/HanaBank/praktikum: /opt/homebrew/Caskroom/codeql/2.23.3/codeql/tools/osx64/scc --by-file --exclude-dir .git,.hg,.svn --format json --no-large --no-min .
[2025-11-07 21:52:43] Using configure-baseline script /opt/homebrew/Caskroom/codeql/2.23.3/codeql/actions/tools/configure-baseline.sh.
[2025-11-07 21:52:43] [PROGRESS] database init> Running command in /Users/hasanbasri/Documents/Pribadi/Binus-Center-Project/2025/HanaBank/praktikum: [/opt/homebrew/Caskroom/codeql/2.23.3/codeql/actions/tools/configure-baseline.sh]
[2025-11-07 21:52:44] [SPAMMY] database init> Ignored an additional 3 files when processing baseline information for YAML due to paths and paths-ignore configuration.
[2025-11-07 21:52:44] Using configure-baseline script /opt/homebrew/Caskroom/codeql/2.23.3/codeql/go/tools/configure-baseline.sh.
[2025-11-07 21:52:44] [PROGRESS] database init> Running command in /Users/hasanbasri/Documents/Pribadi/Binus-Center-Project/2025/HanaBank/praktikum: [/opt/homebrew/Caskroom/codeql/2.23.3/codeql/go/tools/configure-baseline.sh]
[2025-11-07 21:52:45] [SPAMMY] database init> Found 0 baseline files for actions.
[2025-11-07 21:52:45] [SPAMMY] database init> Found 1 baseline files for go.
[2025-11-07 21:52:45] [PROGRESS] database init> Calculated baseline information for languages: actions, go (3.1s).
[2025-11-07 21:52:45] [PROGRESS] database init> Resolving extractor go.
[2025-11-07 21:52:45] [DETAILS] database init> Found candidate extractor root for go: /opt/homebrew/Caskroom/codeql/2.23.3/codeql/go.
[2025-11-07 21:52:45] [PROGRESS] database init> Successfully loaded extractor Go (go) from /opt/homebrew/Caskroom/codeql/2.23.3/codeql/go.
[2025-11-07 21:52:45] [SPAMMY] database init> Determining macOS System Integrity Protection status...
[2025-11-07 21:52:45] [SPAMMY] database init> Running command [/usr/bin/csrutil, status].
[2025-11-07 21:52:45] [SPAMMY] database init> SIP is enabled.
[2025-11-07 21:52:45] [PROGRESS] database init> Created skeleton CodeQL database at /Users/hasanbasri/Documents/Pribadi/Binus-Center-Project/2025/HanaBank/praktikum/codeql-db-go. This in-progress database is ready to be populated by an extractor.
[2025-11-07 21:52:45] Plumbing command codeql database init completed.
[2025-11-07 21:52:45] [PROGRESS] database create> Running build command: [go, build, ./...]
[2025-11-07 21:52:45] Running plumbing command: codeql database trace-command --working-dir=/Users/hasanbasri/Documents/Pribadi/Binus-Center-Project/2025/HanaBank/praktikum --index-traceless-dbs --no-db-cluster -- /Users/hasanbasri/Documents/Pribadi/Binus-Center-Project/2025/HanaBank/praktikum/codeql-db-go go build ./...
[2025-11-07 21:52:45] [PROGRESS] database trace-command> Running command in /Users/hasanbasri/Documents/Pribadi/Binus-Center-Project/2025/HanaBank/praktikum: [go, build, ./...]
[2025-11-07 21:52:56] Plumbing command codeql database trace-command completed.
[2025-11-07 21:52:56] [PROGRESS] database create> Finalizing database at /Users/hasanbasri/Documents/Pribadi/Binus-Center-Project/2025/HanaBank/praktikum/codeql-db-go.
[2025-11-07 21:52:56] Running plumbing command: codeql database finalize --no-db-cluster -- /Users/hasanbasri/Documents/Pribadi/Binus-Center-Project/2025/HanaBank/praktikum/codeql-db-go
[2025-11-07 21:52:56] Using pre-finalize script /opt/homebrew/Caskroom/codeql/2.23.3/codeql/go/tools/pre-finalize.sh.
[2025-11-07 21:52:56] [PROGRESS] database finalize> Running pre-finalize script /opt/homebrew/Caskroom/codeql/2.23.3/codeql/go/tools/pre-finalize.sh in /Users/hasanbasri/Documents/Pribadi/Binus-Center-Project/2025/HanaBank/praktikum.
[2025-11-07 21:52:56] Running plumbing command: codeql database trace-command --working-dir=/Users/hasanbasri/Documents/Pribadi/Binus-Center-Project/2025/HanaBank/praktikum --no-tracing -- /Users/hasanbasri/Documents/Pribadi/Binus-Center-Project/2025/HanaBank/praktikum/codeql-db-go /opt/homebrew/Caskroom/codeql/2.23.3/codeql/go/tools/pre-finalize.sh
[2025-11-07 21:52:56] [PROGRESS] database trace-command> Running command in /Users/hasanbasri/Documents/Pribadi/Binus-Center-Project/2025/HanaBank/praktikum: [/opt/homebrew/Caskroom/codeql/2.23.3/codeql/go/tools/pre-finalize.sh]
[2025-11-07 21:52:57] [build-stderr] Scanning for files in /Users/hasanbasri/Documents/Pribadi/Binus-Center-Project/2025/HanaBank/praktikum...
[2025-11-07 21:52:57] Plumbing command codeql database trace-command completed.
[2025-11-07 21:52:57] [PROGRESS] database finalize> Pre-finalize script /opt/homebrew/Caskroom/codeql/2.23.3/codeql/go/tools/pre-finalize.sh completed in 1230 ms.
[2025-11-07 21:52:57] [PROGRESS] database finalize> Running TRAP import for CodeQL database at /Users/hasanbasri/Documents/Pribadi/Binus-Center-Project/2025/HanaBank/praktikum/codeql-db-go...
[2025-11-07 21:52:57] Running plumbing command: codeql dataset import --dbscheme=/opt/homebrew/Caskroom/codeql/2.23.3/codeql/go/go.dbscheme -- /Users/hasanbasri/Documents/Pribadi/Binus-Center-Project/2025/HanaBank/praktikum/codeql-db-go/db-go /Users/hasanbasri/Documents/Pribadi/Binus-Center-Project/2025/HanaBank/praktikum/codeql-db-go/trap/go
[2025-11-07 21:52:57] Clearing disk cache since the version file /Users/hasanbasri/Documents/Pribadi/Binus-Center-Project/2025/HanaBank/praktikum/codeql-db-go/db-go/default/cache/version does not exist
[2025-11-07 21:52:57] Tuple pool not found. Clearing relations with cached strings
[2025-11-07 21:52:57] Trimming disk cache at /Users/hasanbasri/Documents/Pribadi/Binus-Center-Project/2025/HanaBank/praktikum/codeql-db-go/db-go/default/cache in mode clear.
[2025-11-07 21:52:57] Sequence stamp origin is -5983889407555578728
[2025-11-07 21:52:57] Pausing evaluation to hard-clear memory at sequence stamp o+0
[2025-11-07 21:52:57] Unpausing evaluation
[2025-11-07 21:52:57] Pausing evaluation to quickly trim disk at sequence stamp o+1
[2025-11-07 21:52:57] Unpausing evaluation
[2025-11-07 21:52:57] Pausing evaluation to zealously trim disk at sequence stamp o+2
[2025-11-07 21:52:57] Unpausing evaluation
[2025-11-07 21:52:57] Trimming completed (6ms): Purged everything.
[2025-11-07 21:52:57] Scanning for files in /Users/hasanbasri/Documents/Pribadi/Binus-Center-Project/2025/HanaBank/praktikum/codeql-db-go/trap/go
[2025-11-07 21:52:57] Found 266 TRAP files (5.01 MiB)
[2025-11-07 21:52:57] [PROGRESS] dataset import> Importing TRAP files
[2025-11-07 21:52:57] Importing go.mod.trap.gz (1 of 266)
[2025-11-07 21:52:57] Importing main.go.trap.gz (2 of 266)
[2025-11-07 21:52:57] Importing bufio.trap.gz (3 of 266)
[2025-11-07 21:52:57] Importing bytes.trap.gz (4 of 266)
[2025-11-07 21:52:57] Importing cmp.trap.gz (5 of 266)
[2025-11-07 21:52:57] Importing 28f530e9e525976ed00ea880e495de_0.trap.gz (6 of 266)
[2025-11-07 21:52:57] Importing flate.trap.gz (7 of 266)
[2025-11-07 21:52:58] Importing gzip.trap.gz (8 of 266)
[2025-11-07 21:52:58] Importing zlib.trap.gz (9 of 266)
[2025-11-07 21:52:58] Importing list.trap.gz (10 of 266)
[2025-11-07 21:52:58] Importing context.trap.gz (11 of 266)
[2025-11-07 21:52:58] Importing aes.trap.gz (12 of 266)
[2025-11-07 21:52:58] Importing cipher.trap.gz (13 of 266)
[2025-11-07 21:52:58] Importing des.trap.gz (14 of 266)
[2025-11-07 21:52:58] Importing dsa.trap.gz (15 of 266)
[2025-11-07 21:52:58] Importing ecdh.trap.gz (16 of 266)
[2025-11-07 21:52:58] Importing ecdsa.trap.gz (17 of 266)
[2025-11-07 21:52:58] Importing ed25519.trap.gz (18 of 266)
[2025-11-07 21:52:58] Importing elliptic.trap.gz (19 of 266)
[2025-11-07 21:52:58] Importing fips140.trap.gz (20 of 266)
[2025-11-07 21:52:58] Importing hkdf.trap.gz (21 of 266)
[2025-11-07 21:52:58] Importing hmac.trap.gz (22 of 266)
[2025-11-07 21:52:58] Importing bbig.trap.gz (23 of 266)
[2025-11-07 21:52:58] Importing sig.trap.gz (24 of 266)
[2025-11-07 21:52:58] Importing boring.trap.gz (25 of 266)
[2025-11-07 21:52:58] Importing entropy.trap.gz (26 of 266)
[2025-11-07 21:52:58] Importing gcm.trap.gz (27 of 266)
[2025-11-07 21:52:58] Importing aes.trap.gz (28 of 266)
[2025-11-07 21:52:58] Importing alias.trap.gz (29 of 266)
[2025-11-07 21:52:58] Importing bigmod.trap.gz (30 of 266)
[2025-11-07 21:52:58] Importing check.trap.gz (31 of 266)
[2025-11-07 21:52:58] Importing drbg.trap.gz (32 of 266)
[2025-11-07 21:52:58] Importing ecdh.trap.gz (33 of 266)
[2025-11-07 21:52:58] Importing ecdsa.trap.gz (34 of 266)
[2025-11-07 21:52:58] Importing ed25519.trap.gz (35 of 266)
[2025-11-07 21:52:58] Importing field.trap.gz (36 of 266)
[2025-11-07 21:52:58] Importing edwards25519.trap.gz (37 of 266)
[2025-11-07 21:52:58] Importing hkdf.trap.gz (38 of 266)
[2025-11-07 21:52:58] Importing hmac.trap.gz (39 of 266)
[2025-11-07 21:52:58] Importing mlkem.trap.gz (40 of 266)
[2025-11-07 21:52:58] Importing fiat.trap.gz (41 of 266)
[2025-11-07 21:52:58] Importing nistec.trap.gz (42 of 266)
[2025-11-07 21:52:58] Importing rsa.trap.gz (43 of 266)
[2025-11-07 21:52:58] Importing sha256.trap.gz (44 of 266)
[2025-11-07 21:52:58] Importing sha3.trap.gz (45 of 266)
[2025-11-07 21:52:58] Importing sha512.trap.gz (46 of 266)
[2025-11-07 21:52:58] Importing subtle.trap.gz (47 of 266)
[2025-11-07 21:52:58] Importing tls12.trap.gz (48 of 266)
[2025-11-07 21:52:58] Importing tls13.trap.gz (49 of 266)
[2025-11-07 21:52:58] Importing fips140.trap.gz (50 of 266)
[2025-11-07 21:52:58] Importing fips140cache.trap.gz (51 of 266)
[2025-11-07 21:52:58] Importing byteorder.trap.gz (52 of 266)
[2025-11-07 21:52:58] Importing cpu.trap.gz (53 of 266)
[2025-11-07 21:52:58] Importing godebug.trap.gz (54 of 266)
[2025-11-07 21:52:58] Importing fips140hash.trap.gz (55 of 266)
[2025-11-07 21:52:58] Importing fips140only.trap.gz (56 of 266)
[2025-11-07 21:52:58] Importing hpke.trap.gz (57 of 266)
[2025-11-07 21:52:58] Importing impl.trap.gz (58 of 266)
[2025-11-07 21:52:58] Importing randutil.trap.gz (59 of 266)
[2025-11-07 21:52:58] Importing sysrand.trap.gz (60 of 266)
[2025-11-07 21:52:58] Importing md5.trap.gz (61 of 266)
[2025-11-07 21:52:58] Importing rand.trap.gz (62 of 266)
[2025-11-07 21:52:58] Importing rc4.trap.gz (63 of 266)
[2025-11-07 21:52:58] Importing rsa.trap.gz (64 of 266)
[2025-11-07 21:52:58] Importing sha1.trap.gz (65 of 266)
[2025-11-07 21:52:58] Importing sha256.trap.gz (66 of 266)
[2025-11-07 21:52:58] Importing sha3.trap.gz (67 of 266)
[2025-11-07 21:52:58] Importing sha512.trap.gz (68 of 266)
[2025-11-07 21:52:58] Importing subtle.trap.gz (69 of 266)
[2025-11-07 21:52:58] Importing fips140tls.trap.gz (70 of 266)
[2025-11-07 21:52:58] Importing tls.trap.gz (71 of 266)
[2025-11-07 21:52:58] Importing macos.trap.gz (72 of 266)
[2025-11-07 21:52:58] Importing pkix.trap.gz (73 of 266)
[2025-11-07 21:52:58] Importing x509.trap.gz (74 of 266)
[2025-11-07 21:52:58] Importing crypto.trap.gz (75 of 266)
[2025-11-07 21:52:58] Importing driver.trap.gz (76 of 266)
[2025-11-07 21:52:58] Importing sql.trap.gz (77 of 266)
[2025-11-07 21:52:58] Importing dwarf.trap.gz (78 of 266)
[2025-11-07 21:52:58] Importing macho.trap.gz (79 of 266)
[2025-11-07 21:52:58] Importing asn1.trap.gz (80 of 266)
[2025-11-07 21:52:58] Importing base64.trap.gz (81 of 266)
[2025-11-07 21:52:58] Importing binary.trap.gz (82 of 266)
[2025-11-07 21:52:58] Importing csv.trap.gz (83 of 266)
[2025-11-07 21:52:58] Importing gob.trap.gz (84 of 266)
[2025-11-07 21:52:58] Importing hex.trap.gz (85 of 266)
[2025-11-07 21:52:58] Importing json.trap.gz (86 of 266)
[2025-11-07 21:52:58] Importing pem.trap.gz (87 of 266)
[2025-11-07 21:52:58] Importing xml.trap.gz (88 of 266)
[2025-11-07 21:52:58] Importing encoding.trap.gz (89 of 266)
[2025-11-07 21:52:58] Importing errors.trap.gz (90 of 266)
[2025-11-07 21:52:58] Importing field.trap.gz (91 of 266)
[2025-11-07 21:52:58] Importing edwards25519.trap.gz (92 of 266)
[2025-11-07 21:52:58] Importing flag.trap.gz (93 of 266)
[2025-11-07 21:52:58] Importing fmt.trap.gz (94 of 266)
[2025-11-07 21:52:58] Importing golang-banking-gin-alpine.trap.gz (95 of 266)
[2025-11-07 21:52:58] Importing charset.trap.gz (96 of 266)
[2025-11-07 21:52:58] Importing json.trap.gz (97 of 266)
[2025-11-07 21:52:58] Importing magic.trap.gz (98 of 266)
[2025-11-07 21:52:58] Importing mimetype.trap.gz (99 of 266)
[2025-11-07 21:52:58] Importing sse.trap.gz (100 of 266)
[2025-11-07 21:52:58] Importing binding.trap.gz (101 of 266)
[2025-11-07 21:52:58] Importing bytesconv.trap.gz (102 of 266)
[2025-11-07 21:52:58] Importing json.trap.gz (103 of 266)
[2025-11-07 21:52:58] Importing render.trap.gz (104 of 266)
[2025-11-07 21:52:58] Importing gin.trap.gz (105 of 266)
[2025-11-07 21:52:58] Importing currency.trap.gz (106 of 266)
[2025-11-07 21:52:58] Importing locales.trap.gz (107 of 266)
[2025-11-07 21:52:58] Importing universal-translator.trap.gz (108 of 266)
[2025-11-07 21:52:58] Importing v10.trap.gz (109 of 266)
[2025-11-07 21:52:58] Importing mysql.trap.gz (110 of 266)
[2025-11-07 21:52:58] Importing v5.trap.gz (111 of 266)
[2025-11-07 21:52:58] Importing schema.trap.gz (112 of 266)
[2025-11-07 21:52:58] Importing go-urn.trap.gz (113 of 266)
[2025-11-07 21:52:58] Importing go-isatty.trap.gz (114 of 266)
[2025-11-07 21:52:58] Importing characters.trap.gz (115 of 266)
[2025-11-07 21:52:58] Importing danger.trap.gz (116 of 266)
[2025-11-07 21:52:58] Importing tracker.trap.gz (117 of 266)
[2025-11-07 21:52:58] Importing unstable.trap.gz (118 of 266)
[2025-11-07 21:52:58] Importing v2.trap.gz (119 of 266)
[2025-11-07 21:52:58] Importing codec.trap.gz (120 of 266)
[2025-11-07 21:52:58] Importing token.trap.gz (121 of 266)
[2025-11-07 21:52:58] Importing sha3.trap.gz (122 of 266)
[2025-11-07 21:52:58] Importing atom.trap.gz (123 of 266)
[2025-11-07 21:52:58] Importing html.trap.gz (124 of 266)
[2025-11-07 21:52:58] Importing httpguts.trap.gz (125 of 266)
[2025-11-07 21:52:58] Importing h2c.trap.gz (126 of 266)
[2025-11-07 21:52:58] Importing hpack.trap.gz (127 of 266)
[2025-11-07 21:52:58] Importing http2.trap.gz (128 of 266)
[2025-11-07 21:52:58] Importing idna.trap.gz (129 of 266)
[2025-11-07 21:52:58] Importing unix.trap.gz (130 of 266)
[2025-11-07 21:52:58] Importing compact.trap.gz (131 of 266)
[2025-11-07 21:52:58] Importing language.trap.gz (132 of 266)
[2025-11-07 21:52:58] Importing tag.trap.gz (133 of 266)
[2025-11-07 21:52:58] Importing language.trap.gz (134 of 266)
[2025-11-07 21:52:58] Importing bidirule.trap.gz (135 of 266)
[2025-11-07 21:52:58] Importing transform.trap.gz (136 of 266)
[2025-11-07 21:52:58] Importing bidi.trap.gz (137 of 266)
[2025-11-07 21:52:58] Importing norm.trap.gz (138 of 266)
[2025-11-07 21:52:58] Importing protowire.trap.gz (139 of 266)
[2025-11-07 21:52:58] Importing detrand.trap.gz (140 of 266)
[2025-11-07 21:52:58] Importing messageset.trap.gz (141 of 266)
[2025-11-07 21:52:58] Importing errors.trap.gz (142 of 266)
[2025-11-07 21:52:58] Importing flags.trap.gz (143 of 266)
[2025-11-07 21:52:58] Importing genid.trap.gz (144 of 266)
[2025-11-07 21:52:58] Importing order.trap.gz (145 of 266)
[2025-11-07 21:52:58] Importing pragma.trap.gz (146 of 266)
[2025-11-07 21:52:58] Importing strs.trap.gz (147 of 266)
[2025-11-07 21:52:58] Importing proto.trap.gz (148 of 266)
[2025-11-07 21:52:58] Importing protoreflect.trap.gz (149 of 266)
[2025-11-07 21:52:58] Importing protoregistry.trap.gz (150 of 266)
[2025-11-07 21:52:58] Importing protoiface.trap.gz (151 of 266)
[2025-11-07 21:52:58] Importing yaml.v3.trap.gz (152 of 266)
[2025-11-07 21:52:58] Importing adler32.trap.gz (153 of 266)
[2025-11-07 21:52:58] Importing crc32.trap.gz (154 of 266)
[2025-11-07 21:52:58] Importing fnv.trap.gz (155 of 266)
[2025-11-07 21:52:58] Importing hash.trap.gz (156 of 266)
[2025-11-07 21:52:58] Importing template.trap.gz (157 of 266)
[2025-11-07 21:52:58] Importing html.trap.gz (158 of 266)
[2025-11-07 21:52:58] Importing abi.trap.gz (159 of 266)
[2025-11-07 21:52:58] Importing asan.trap.gz (160 of 266)
[2025-11-07 21:52:58] Importing bisect.trap.gz (161 of 266)
[2025-11-07 21:52:58] Importing bytealg.trap.gz (162 of 266)
[2025-11-07 21:52:58] Importing byteorder.trap.gz (163 of 266)
[2025-11-07 21:52:58] Importing chacha8rand.trap.gz (164 of 266)
[2025-11-07 21:52:58] Importing rtcov.trap.gz (165 of 266)
[2025-11-07 21:52:58] Importing cpu.trap.gz (166 of 266)
[2025-11-07 21:52:58] Importing filepathlite.trap.gz (167 of 266)
[2025-11-07 21:52:58] Importing fmtsort.trap.gz (168 of 266)
[2025-11-07 21:52:58] Importing goarch.trap.gz (169 of 266)
[2025-11-07 21:52:58] Importing godebug.trap.gz (170 of 266)
[2025-11-07 21:52:58] Importing godebugs.trap.gz (171 of 266)
[2025-11-07 21:52:58] Importing goexperiment.trap.gz (172 of 266)
[2025-11-07 21:52:58] Importing goos.trap.gz (173 of 266)
[2025-11-07 21:52:58] Importing itoa.trap.gz (174 of 266)
[2025-11-07 21:52:58] Importing msan.trap.gz (175 of 266)
[2025-11-07 21:52:58] Importing nettrace.trap.gz (176 of 266)
[2025-11-07 21:52:58] Importing oserror.trap.gz (177 of 266)
[2025-11-07 21:52:58] Importing poll.trap.gz (178 of 266)
[2025-11-07 21:52:58] Importing profilerecord.trap.gz (179 of 266)
[2025-11-07 21:52:58] Importing race.trap.gz (180 of 266)
[2025-11-07 21:52:58] Importing reflectlite.trap.gz (181 of 266)
[2025-11-07 21:52:58] Importing routebsd.trap.gz (182 of 266)
[2025-11-07 21:52:58] Importing atomic.trap.gz (183 of 266)
[2025-11-07 21:52:58] Importing exithook.trap.gz (184 of 266)
[2025-11-07 21:52:58] Importing gc.trap.gz (185 of 266)
[2025-11-07 21:52:58] Importing maps.trap.gz (186 of 266)
[2025-11-07 21:52:58] Importing math.trap.gz (187 of 266)
[2025-11-07 21:52:58] Importing strconv.trap.gz (188 of 266)
[2025-11-07 21:52:58] Importing sys.trap.gz (189 of 266)
[2025-11-07 21:52:58] Importing saferio.trap.gz (190 of 266)
[2025-11-07 21:52:58] Importing singleflight.trap.gz (191 of 266)
[2025-11-07 21:52:58] Importing stringslite.trap.gz (192 of 266)
[2025-11-07 21:52:58] Importing sync.trap.gz (193 of 266)
[2025-11-07 21:52:58] Importing synctest.trap.gz (194 of 266)
[2025-11-07 21:52:58] Importing execenv.trap.gz (195 of 266)
[2025-11-07 21:52:58] Importing unix.trap.gz (196 of 266)
[2025-11-07 21:52:58] Importing testlog.trap.gz (197 of 266)
[2025-11-07 21:52:58] Importing tracev2.trap.gz (198 of 266)
[2025-11-07 21:52:58] Importing unsafeheader.trap.gz (199 of 266)
[2025-11-07 21:52:58] Importing fs.trap.gz (200 of 266)
[2025-11-07 21:52:58] Importing ioutil.trap.gz (201 of 266)
[2025-11-07 21:52:58] Importing io.trap.gz (202 of 266)
[2025-11-07 21:52:58] Importing iter.trap.gz (203 of 266)
[2025-11-07 21:52:58] Importing internal.trap.gz (204 of 266)
[2025-11-07 21:52:58] Importing log.trap.gz (205 of 266)
[2025-11-07 21:52:58] Importing maps.trap.gz (206 of 266)
[2025-11-07 21:52:58] Importing big.trap.gz (207 of 266)
[2025-11-07 21:52:58] Importing bits.trap.gz (208 of 266)
[2025-11-07 21:52:58] Importing v2.trap.gz (209 of 266)
[2025-11-07 21:52:58] Importing rand.trap.gz (210 of 266)
[2025-11-07 21:52:58] Importing math.trap.gz (211 of 266)
[2025-11-07 21:52:58] Importing metadata.trap.gz (212 of 266)
[2025-11-07 21:52:58] Importing multipart.trap.gz (213 of 266)
[2025-11-07 21:52:58] Importing quotedprintable.trap.gz (214 of 266)
[2025-11-07 21:52:58] Importing mime.trap.gz (215 of 266)
[2025-11-07 21:52:58] Importing httptrace.trap.gz (216 of 266)
[2025-11-07 21:52:58] Importing httputil.trap.gz (217 of 266)
[2025-11-07 21:52:58] Importing ascii.trap.gz (218 of 266)
[2025-11-07 21:52:58] Importing httpcommon.trap.gz (219 of 266)
[2025-11-07 21:52:58] Importing internal.trap.gz (220 of 266)
[2025-11-07 21:52:58] Importing http.trap.gz (221 of 266)
[2025-11-07 21:52:58] Importing netip.trap.gz (222 of 266)
[2025-11-07 21:52:58] Importing rpc.trap.gz (223 of 266)
[2025-11-07 21:52:58] Importing textproto.trap.gz (224 of 266)
[2025-11-07 21:52:58] Importing url.trap.gz (225 of 266)
[2025-11-07 21:52:58] Importing net.trap.gz (226 of 266)
[2025-11-07 21:52:58] Importing exec.trap.gz (227 of 266)
[2025-11-07 21:52:58] Importing os.trap.gz (228 of 266)
[2025-11-07 21:52:58] Importing filepath.trap.gz (229 of 266)
[2025-11-07 21:52:58] Importing path.trap.gz (230 of 266)
[2025-11-07 21:52:58] Importing reflect.trap.gz (231 of 266)
[2025-11-07 21:52:58] Importing syntax.trap.gz (232 of 266)
[2025-11-07 21:52:58] Importing regexp.trap.gz (233 of 266)
[2025-11-07 21:52:58] Importing runtime.trap.gz (234 of 266)
[2025-11-07 21:52:58] Importing slices.trap.gz (235 of 266)
[2025-11-07 21:52:58] Importing sort.trap.gz (236 of 266)
[2025-11-07 21:52:58] Importing strconv.trap.gz (237 of 266)
[2025-11-07 21:52:58] Importing strings.trap.gz (238 of 266)
[2025-11-07 21:52:58] Importing atomic.trap.gz (239 of 266)
[2025-11-07 21:52:58] Importing sync.trap.gz (240 of 266)
[2025-11-07 21:52:58] Importing syscall.trap.gz (241 of 266)
[2025-11-07 21:52:58] Importing parse.trap.gz (242 of 266)
[2025-11-07 21:52:58] Importing template.trap.gz (243 of 266)
[2025-11-07 21:52:58] Importing time.trap.gz (244 of 266)
[2025-11-07 21:52:58] Importing utf16.trap.gz (245 of 266)
[2025-11-07 21:52:58] Importing utf8.trap.gz (246 of 266)
[2025-11-07 21:52:58] Importing unicode.trap.gz (247 of 266)
[2025-11-07 21:52:58] Importing unique.trap.gz (248 of 266)
[2025-11-07 21:52:58] Importing universe.trap.gz (249 of 266)
[2025-11-07 21:52:58] Importing unsafe.trap.gz (250 of 266)
[2025-11-07 21:52:58] Importing chacha20.trap.gz (251 of 266)
[2025-11-07 21:52:58] Importing chacha20poly1305.trap.gz (252 of 266)
[2025-11-07 21:52:58] Importing asn1.trap.gz (253 of 266)
[2025-11-07 21:52:58] Importing cryptobyte.trap.gz (254 of 266)
[2025-11-07 21:52:58] Importing alias.trap.gz (255 of 266)
[2025-11-07 21:52:58] Importing poly1305.trap.gz (256 of 266)
[2025-11-07 21:52:58] Importing dnsmessage.trap.gz (257 of 266)
[2025-11-07 21:52:58] Importing httpguts.trap.gz (258 of 266)
[2025-11-07 21:52:58] Importing httpproxy.trap.gz (259 of 266)
[2025-11-07 21:52:58] Importing hpack.trap.gz (260 of 266)
[2025-11-07 21:52:58] Importing idna.trap.gz (261 of 266)
[2025-11-07 21:52:58] Importing bidirule.trap.gz (262 of 266)
[2025-11-07 21:52:58] Importing transform.trap.gz (263 of 266)
[2025-11-07 21:52:58] Importing bidi.trap.gz (264 of 266)
[2025-11-07 21:52:58] Importing norm.trap.gz (265 of 266)
[2025-11-07 21:52:58] Importing weak.trap.gz (266 of 266)
[2025-11-07 21:52:58] [PROGRESS] dataset import> Merging relations
[2025-11-07 21:52:59] Merging 1 fragment for 'folders'.
[2025-11-07 21:52:59] Merged 44 bytes for 'folders'.
[2025-11-07 21:52:59] Merging 1 fragment for 'containerparent'.
[2025-11-07 21:52:59] Merged 47 bytes for 'containerparent'.
[2025-11-07 21:52:59] Merging 1 fragment for 'files'.
[2025-11-07 21:52:59] Merged 29 bytes for 'files'.
[2025-11-07 21:52:59] Merging 1 fragment for 'locations_default'.
[2025-11-07 21:52:59] Merged 6176 bytes (6.03 KiB) for 'locations_default'.
[2025-11-07 21:52:59] Merging 1 fragment for 'has_location'.
[2025-11-07 21:52:59] Merged 3494 bytes (3.41 KiB) for 'has_location'.
[2025-11-07 21:52:59] Merging 1 fragment for 'modtokens'.
[2025-11-07 21:52:59] Merged 267 bytes for 'modtokens'.
[2025-11-07 21:52:59] Merging 1 fragment for 'modexprs'.
[2025-11-07 21:52:59] Merged 155 bytes for 'modexprs'.
[2025-11-07 21:52:59] Merging 1 fragment for 'comment_groups'.
[2025-11-07 21:52:59] Merged 156 bytes for 'comment_groups'.
[2025-11-07 21:52:59] Merging 1 fragment for 'doc_comments'.
[2025-11-07 21:52:59] Merged 92 bytes for 'doc_comments'.
[2025-11-07 21:52:59] Merging 1 fragment for 'comments'.
[2025-11-07 21:52:59] Merged 227 bytes for 'comments'.
[2025-11-07 21:52:59] Merging 1 fragment for 'scopes'.
[2025-11-07 21:52:59] Merged 483 bytes for 'scopes'.
[2025-11-07 21:52:59] Merging 1 fragment for 'scopenesting'.
[2025-11-07 21:52:59] Merged 545 bytes for 'scopenesting'.
[2025-11-07 21:52:59] Merging 2 fragments for 'objects'.
[2025-11-07 21:52:59] Merged 195352 bytes (190.77 KiB) for 'objects'.
[2025-11-07 21:52:59] Merging 1 fragment for 'objectscopes'.
[2025-11-07 21:52:59] Merged 30281 bytes (29.57 KiB) for 'objectscopes'.
[2025-11-07 21:52:59] Merging 1 fragment for 'literals'.
[2025-11-07 21:52:59] Merged 3123 bytes (3.05 KiB) for 'literals'.
[2025-11-07 21:52:59] Merging 1 fragment for 'exprs'.
[2025-11-07 21:52:59] Merged 5055 bytes (4.94 KiB) for 'exprs'.
[2025-11-07 21:52:59] Merging 1 fragment for 'specs'.
[2025-11-07 21:52:59] Merged 122 bytes for 'specs'.
[2025-11-07 21:52:59] Merging 2 fragments for 'types'.
[2025-11-07 21:52:59] Merged 32342 bytes (31.58 KiB) for 'types'.
[2025-11-07 21:52:59] Merging 1 fragment for 'type_of'.
[2025-11-07 21:52:59] Merged 2910 bytes (2.84 KiB) for 'type_of'.
[2025-11-07 21:52:59] Merging 1 fragment for 'defs'.
[2025-11-07 21:52:59] Merged 349 bytes for 'defs'.
[2025-11-07 21:52:59] Merging 1 fragment for 'decls'.
[2025-11-07 21:52:59] Merged 166 bytes for 'decls'.
[2025-11-07 21:52:59] Merging 1 fragment for 'typename'.
[2025-11-07 21:52:59] Merged 8644 bytes (8.44 KiB) for 'typename'.
[2025-11-07 21:52:59] Merging 1 fragment for 'underlying_type'.
[2025-11-07 21:52:59] Merged 9129 bytes (8.92 KiB) for 'underlying_type'.
[2025-11-07 21:52:59] Merging 1 fragment for 'type_objects'.
[2025-11-07 21:52:59] Merged 7762 bytes (7.58 KiB) for 'type_objects'.
[2025-11-07 21:52:59] Merging 1 fragment for 'base_type'.
[2025-11-07 21:52:59] Merged 6754 bytes (6.60 KiB) for 'base_type'.
[2025-11-07 21:52:59] Merging 1 fragment for 'methodreceivers'.
[2025-11-07 21:52:59] Merged 21463 bytes (20.96 KiB) for 'methodreceivers'.
[2025-11-07 21:52:59] Merging 1 fragment for 'fieldstructs'.
[2025-11-07 21:52:59] Merged 14890 bytes (14.54 KiB) for 'fieldstructs'.
[2025-11-07 21:52:59] Merging 2 fragments for 'component_types'.
[2025-11-07 21:52:59] Merged 151372 bytes (147.82 KiB) for 'component_types'.
[2025-11-07 21:52:59] Merging 1 fragment for 'element_type'.
[2025-11-07 21:52:59] Merged 3662 bytes (3.58 KiB) for 'element_type'.
[2025-11-07 21:52:59] Merging 1 fragment for 'methodhosts'.
[2025-11-07 21:52:59] Merged 2928 bytes (2.86 KiB) for 'methodhosts'.
[2025-11-07 21:52:59] Merging 1 fragment for 'key_type'.
[2025-11-07 21:52:59] Merged 770 bytes for 'key_type'.
[2025-11-07 21:52:59] Merging 1 fragment for 'interface_private_method_ids'.
[2025-11-07 21:52:59] Merged 417 bytes for 'interface_private_method_ids'.
[2025-11-07 21:52:59] Merging 1 fragment for 'uses'.
[2025-11-07 21:52:59] Merged 1297 bytes (1.27 KiB) for 'uses'.
[2025-11-07 21:52:59] Merging 1 fragment for 'constvalues'.
[2025-11-07 21:52:59] Merged 588 bytes for 'constvalues'.
[2025-11-07 21:52:59] Merging 1 fragment for 'struct_tags'.
[2025-11-07 21:52:59] Merged 208 bytes for 'struct_tags'.
[2025-11-07 21:52:59] Merging 1 fragment for 'fields'.
[2025-11-07 21:52:59] Merged 156 bytes for 'fields'.
[2025-11-07 21:52:59] Merging 1 fragment for 'scopenodes'.
[2025-11-07 21:52:59] Merged 156 bytes for 'scopenodes'.
[2025-11-07 21:52:59] Merging 1 fragment for 'stmts'.
[2025-11-07 21:52:59] Merged 799 bytes for 'stmts'.
[2025-11-07 21:52:59] Merging 1 fragment for 'variadic'.
[2025-11-07 21:52:59] Merged 259 bytes for 'variadic'.
[2025-11-07 21:52:59] Merging 1 fragment for 'typeparam'.
[2025-11-07 21:52:59] Merged 2187 bytes (2.14 KiB) for 'typeparam'.
[2025-11-07 21:52:59] Merging 1 fragment for 'array_length'.
[2025-11-07 21:52:59] Merged 1330 bytes (1.30 KiB) for 'array_length'.
[2025-11-07 21:52:59] Merging 1 fragment for 'has_ellipsis'.
[2025-11-07 21:52:59] Merged 21 bytes for 'has_ellipsis'.
[2025-11-07 21:52:59] Merging 2 fragments for 'objecttypes'.
[2025-11-07 21:52:59] Merged 163947 bytes (160.10 KiB) for 'objecttypes'.
[2025-11-07 21:52:59] Merging 1 fragment for 'numlines'.
[2025-11-07 21:52:59] Merged 46 bytes for 'numlines'.
[2025-11-07 21:52:59] Merging 1 fragment for 'packages'.
[2025-11-07 21:52:59] Merged 1814 bytes (1.77 KiB) for 'packages'.
[2025-11-07 21:52:59] Merging 1 fragment for 'compilations'.
[2025-11-07 21:52:59] Merged 27 bytes for 'compilations'.
[2025-11-07 21:52:59] Merging 1 fragment for 'compilation_args'.
[2025-11-07 21:52:59] Merged 44 bytes for 'compilation_args'.
[2025-11-07 21:52:59] Merging 1 fragment for 'compilation_compiling_files'.
[2025-11-07 21:52:59] Merged 43 bytes for 'compilation_compiling_files'.
[2025-11-07 21:52:59] Merging 1 fragment for 'compilation_finished'.
[2025-11-07 21:52:59] Merged 67 bytes for 'compilation_finished'.
[2025-11-07 21:52:59] Merging 1 fragment for 'sourceLocationPrefix'.
[2025-11-07 21:52:59] Merged 17 bytes for 'sourceLocationPrefix'.
[2025-11-07 21:52:59] Saving string and id pools to disk.
[2025-11-07 21:52:59] Finished importing TRAP files.
[2025-11-07 21:52:59] Read 30.23 MiB of uncompressed TRAP data.
[2025-11-07 21:52:59] Uncompressed relation data size: 2.33 MiB
[2025-11-07 21:52:59] Relation data size: 666.22 KiB (merge rate: 7.17 MiB/s)
[2025-11-07 21:52:59] String pool size: 2.78 MiB
[2025-11-07 21:52:59] ID pool size: 6.00 MiB
[2025-11-07 21:52:59] [PROGRESS] dataset import> Finished writing database (relations: 666.22 KiB; string pool: 2.78 MiB).
[2025-11-07 21:52:59] Pausing evaluation to close the cache at sequence stamp o+111
[2025-11-07 21:52:59] The disk cache is freshly trimmed; leave it be.
[2025-11-07 21:52:59] Unpausing evaluation
[2025-11-07 21:52:59] Plumbing command codeql dataset import completed.
[2025-11-07 21:52:59] [PROGRESS] database finalize> TRAP import complete (1.7s).
[2025-11-07 21:52:59] Running plumbing command: codeql database cleanup -- /Users/hasanbasri/Documents/Pribadi/Binus-Center-Project/2025/HanaBank/praktikum/codeql-db-go
[2025-11-07 21:52:59] [PROGRESS] database cleanup> Cleaning up existing TRAP files after import...
[2025-11-07 21:52:59] [PROGRESS] database cleanup> TRAP files cleaned up (42ms).
[2025-11-07 21:52:59] [PROGRESS] database cleanup> Cleaning up scratch directory...
[2025-11-07 21:52:59] [PROGRESS] database cleanup> Scratch directory cleaned up (5ms).
[2025-11-07 21:52:59] Running plumbing command: codeql dataset cleanup -- /Users/hasanbasri/Documents/Pribadi/Binus-Center-Project/2025/HanaBank/praktikum/codeql-db-go/db-go
[2025-11-07 21:52:59] [PROGRESS] dataset cleanup> Cleaning up dataset in /Users/hasanbasri/Documents/Pribadi/Binus-Center-Project/2025/HanaBank/praktikum/codeql-db-go/db-go.
[2025-11-07 21:52:59] Trimming disk cache at /Users/hasanbasri/Documents/Pribadi/Binus-Center-Project/2025/HanaBank/praktikum/codeql-db-go/db-go/default/cache in mode trim.
[2025-11-07 21:52:59] Sequence stamp origin is -5983889400795807011
[2025-11-07 21:52:59] Pausing evaluation to quickly trim memory at sequence stamp o+0
[2025-11-07 21:52:59] Unpausing evaluation
[2025-11-07 21:52:59] Pausing evaluation to zealously trim disk at sequence stamp o+1
[2025-11-07 21:52:59] Unpausing evaluation
[2025-11-07 21:52:59] Trimming completed (1ms): Trimmed disposable data from cache.
[2025-11-07 21:52:59] Pausing evaluation to close the cache at sequence stamp o+2
[2025-11-07 21:52:59] The disk cache is freshly trimmed; leave it be.
[2025-11-07 21:52:59] Unpausing evaluation
[2025-11-07 21:52:59] [PROGRESS] dataset cleanup> Trimmed disposable data from cache.
[2025-11-07 21:52:59] [PROGRESS] dataset cleanup> Finalizing dataset in /Users/hasanbasri/Documents/Pribadi/Binus-Center-Project/2025/HanaBank/praktikum/codeql-db-go/db-go
[2025-11-07 21:52:59] [DETAILS] dataset cleanup> Finished deleting ID pool from /Users/hasanbasri/Documents/Pribadi/Binus-Center-Project/2025/HanaBank/praktikum/codeql-db-go/db-go (1ms).
[2025-11-07 21:52:59] Plumbing command codeql dataset cleanup completed.
[2025-11-07 21:52:59] Plumbing command codeql database cleanup completed with status 0.
[2025-11-07 21:52:59] [PROGRESS] database finalize> Finished zipping source archive (4.32 KiB).
[2025-11-07 21:52:59] Plumbing command codeql database finalize completed.
[2025-11-07 21:52:59] [PROGRESS] database create> Successfully created database at /Users/hasanbasri/Documents/Pribadi/Binus-Center-Project/2025/HanaBank/praktikum/codeql-db-go.
[2025-11-07 21:52:59] Terminating normally.
