[2025-11-07 21:59:04] This is codeql execute queries -J-Xmx1383M --verbosity=progress --logdir=/Users/hasanbasri/Documents/Pribadi/Binus-Center-Project/2025/HanaBank/praktikum/codeql-db-go/log --evaluator-log-level=5 --warnings=show --qlconfig-file=/Users/hasanbasri/Documents/Pribadi/Binus-Center-Project/2025/HanaBank/praktikum/qlconfig.yml --dynamic-join-order-mode=none --no-rerun --interpret-passthrough=null,--format=sarifv2,-o=/Users/hasanbasri/Documents/Pribadi/Binus-Center-Project/2025/HanaBank/praktikum/codeql.sarif,--max-paths=4,--csv-location-format=line-column,--print-diagnostics-summary,--print-metrics-summary,--qlconfig-file=/Users/hasanbasri/Documents/Pribadi/Binus-Center-Project/2025/HanaBank/praktikum/qlconfig.yml,--,/Users/hasanbasri/Documents/Pribadi/Binus-Center-Project/2025/HanaBank/praktikum/codeql-db-go,go-security-extended.qls --output=/Users/hasanbasri/Documents/Pribadi/Binus-Center-Project/2025/HanaBank/praktikum/codeql-db-go/results -- /Users/hasanbasri/Documents/Pribadi/Binus-Center-Project/2025/HanaBank/praktikum/codeql-db-go/db-go go-security-extended.qls
[2025-11-07 21:59:04] Calling plumbing command: codeql resolve queries --qlconfig-file=/Users/hasanbasri/Documents/Pribadi/Binus-Center-Project/2025/HanaBank/praktikum/qlconfig.yml --format=json -- go-security-extended.qls
[2025-11-07 21:59:04] [DETAILS] resolve queries> Looking for a well-known suite "go-security-extended.qls".
[2025-11-07 21:59:04] Exception caught at top level: go-security-extended.qls is not a .ql file, .qls file, a directory, or a query pack specification.
                      com.semmle.cli2.resolve.ResolveQueriesCommand.resolveQuerySpecifier(ResolveQueriesCommand.java:305)
                      com.semmle.cli2.resolve.ResolveQueriesCommand.executeJSON(ResolveQueriesCommand.java:211)
                      com.semmle.cli2.resolve.ResolveQueriesCommand.executeJSON(ResolveQueriesCommand.java:68)
                      com.semmle.cli2.picocli.SimpleJsonSubcommand.executeInsistingOnJSONWithExistingMessages(SimpleJsonSubcommand.java:121)
                      com.semmle.cli2.picocli.SubcommandCommon.withCompilationMessages(SubcommandCommon.java:444)
                      com.semmle.cli2.picocli.SimpleJsonSubcommand.executeInsistingOnJSON(SimpleJsonSubcommand.java:110)
                      com.semmle.cli2.picocli.PlumbingRunner.call(PlumbingRunner.java:61)
                      com.semmle.cli2.picocli.SubcommandCommon.callPlumbingInProcess(SubcommandCommon.java:170)
                      com.semmle.cli2.execute.ExecuteQueriesCommand.executeSubcommand(ExecuteQueriesCommand.java:424)
                      com.semmle.cli2.picocli.SubcommandCommon.lambda$executeSubcommandWithMessages$5(SubcommandCommon.java:892)
                      com.semmle.cli2.picocli.SubcommandCommon.withCompilationMessages(SubcommandCommon.java:444)
                      com.semmle.cli2.picocli.SubcommandCommon.executeSubcommandWithMessages(SubcommandCommon.java:890)
                      com.semmle.cli2.picocli.SubcommandCommon.toplevelMain(SubcommandCommon.java:777)
                      com.semmle.cli2.picocli.SubcommandCommon.call(SubcommandCommon.java:757)
                      com.semmle.cli2.picocli.SubcommandMaker.runMain(SubcommandMaker.java:238)
                      com.semmle.cli2.picocli.SubcommandMaker.runMain(SubcommandMaker.java:259)
                      com.semmle.cli2.CodeQL.main(CodeQL.java:113)
